<?xml version="1.0" encoding="UTF-8"?>
<testng-results skipped="87" failed="0" total="87" passed="0">
  <reporter-output>
    <line>
      <![CDATA[<br> <b>Please look to the screenshot - </b>]]>
    </line>
    <line>
      <![CDATA[<br> <b>Please look to the screenshot - </b>]]>
    </line>
    <line>
      <![CDATA[<br> <b>Please look to the screenshot - </b>]]>
    </line>
    <line>
      <![CDATA[<br> <b>Please look to the screenshot - </b>]]>
    </line>
    <line>
      <![CDATA[<br> <b>Please look to the screenshot - </b>]]>
    </line>
    <line>
      <![CDATA[<br> <b>Please look to the screenshot - </b>]]>
    </line>
    <line>
      <![CDATA[<br> <b>Please look to the screenshot - </b>]]>
    </line>
    <line>
      <![CDATA[<br> <b>Please look to the screenshot - </b>]]>
    </line>
    <line>
      <![CDATA[<br> <b>Please look to the screenshot - </b>]]>
    </line>
    <line>
      <![CDATA[<br> <b>Please look to the screenshot - </b>]]>
    </line>
    <line>
      <![CDATA[<br> <b>Please look to the screenshot - </b>]]>
    </line>
    <line>
      <![CDATA[<br> <b>Please look to the screenshot - </b>]]>
    </line>
    <line>
      <![CDATA[<br> <b>Please look to the screenshot - </b>]]>
    </line>
    <line>
      <![CDATA[<br> <b>Please look to the screenshot - </b>]]>
    </line>
    <line>
      <![CDATA[<br> <b>Please look to the screenshot - </b>]]>
    </line>
    <line>
      <![CDATA[<br> <b>Please look to the screenshot - </b>]]>
    </line>
    <line>
      <![CDATA[<br> <b>Please look to the screenshot - </b>]]>
    </line>
    <line>
      <![CDATA[<br> <b>Please look to the screenshot - </b>]]>
    </line>
    <line>
      <![CDATA[<br> <b>Please look to the screenshot - </b>]]>
    </line>
    <line>
      <![CDATA[<br> <b>Please look to the screenshot - </b>]]>
    </line>
    <line>
      <![CDATA[<br> <b>Please look to the screenshot - </b>]]>
    </line>
    <line>
      <![CDATA[<br> <b>Please look to the screenshot - </b>]]>
    </line>
    <line>
      <![CDATA[<br> <b>Please look to the screenshot - </b>]]>
    </line>
    <line>
      <![CDATA[<br> <b>Please look to the screenshot - </b>]]>
    </line>
    <line>
      <![CDATA[<br> <b>Please look to the screenshot - </b>]]>
    </line>
    <line>
      <![CDATA[<br> <b>Please look to the screenshot - </b>]]>
    </line>
    <line>
      <![CDATA[<br> <b>Please look to the screenshot - </b>]]>
    </line>
    <line>
      <![CDATA[<br> <b>Please look to the screenshot - </b>]]>
    </line>
    <line>
      <![CDATA[<br> <b>Please look to the screenshot - </b>]]>
    </line>
    <line>
      <![CDATA[<br> <b>Please look to the screenshot - </b>]]>
    </line>
    <line>
      <![CDATA[<br> <b>Please look to the screenshot - </b>]]>
    </line>
    <line>
      <![CDATA[<br> <b>Please look to the screenshot - </b>]]>
    </line>
    <line>
      <![CDATA[<br> <b>Please look to the screenshot - </b>]]>
    </line>
    <line>
      <![CDATA[<br> <b>Please look to the screenshot - </b>]]>
    </line>
    <line>
      <![CDATA[<br> <b>Please look to the screenshot - </b>]]>
    </line>
    <line>
      <![CDATA[<br> <b>Please look to the screenshot - </b>]]>
    </line>
    <line>
      <![CDATA[<br> <b>Please look to the screenshot - </b>]]>
    </line>
    <line>
      <![CDATA[<br> <b>Please look to the screenshot - </b>]]>
    </line>
    <line>
      <![CDATA[<br> <b>Please look to the screenshot - </b>]]>
    </line>
    <line>
      <![CDATA[<br> <b>Please look to the screenshot - </b>]]>
    </line>
    <line>
      <![CDATA[<br> <b>Please look to the screenshot - </b>]]>
    </line>
    <line>
      <![CDATA[<br> <b>Please look to the screenshot - </b>]]>
    </line>
    <line>
      <![CDATA[<br> <b>Please look to the screenshot - </b>]]>
    </line>
    <line>
      <![CDATA[<br> <b>Please look to the screenshot - </b>]]>
    </line>
    <line>
      <![CDATA[<br> <b>Please look to the screenshot - </b>]]>
    </line>
    <line>
      <![CDATA[<br> <b>Please look to the screenshot - </b>]]>
    </line>
    <line>
      <![CDATA[<br> <b>Please look to the screenshot - </b>]]>
    </line>
    <line>
      <![CDATA[<br> <b>Please look to the screenshot - </b>]]>
    </line>
    <line>
      <![CDATA[<br> <b>Please look to the screenshot - </b>]]>
    </line>
    <line>
      <![CDATA[<br> <b>Please look to the screenshot - </b>]]>
    </line>
    <line>
      <![CDATA[<br> <b>Please look to the screenshot - </b>]]>
    </line>
    <line>
      <![CDATA[<br> <b>Please look to the screenshot - </b>]]>
    </line>
    <line>
      <![CDATA[<br> <b>Please look to the screenshot - </b>]]>
    </line>
    <line>
      <![CDATA[<br> <b>Please look to the screenshot - </b>]]>
    </line>
    <line>
      <![CDATA[<br> <b>Please look to the screenshot - </b>]]>
    </line>
    <line>
      <![CDATA[<br> <b>Please look to the screenshot - </b>]]>
    </line>
    <line>
      <![CDATA[<br> <b>Please look to the screenshot - </b>]]>
    </line>
    <line>
      <![CDATA[<br> <b>Please look to the screenshot - </b>]]>
    </line>
    <line>
      <![CDATA[<br> <b>Please look to the screenshot - </b>]]>
    </line>
    <line>
      <![CDATA[<br> <b>Please look to the screenshot - </b>]]>
    </line>
    <line>
      <![CDATA[<br> <b>Please look to the screenshot - </b>]]>
    </line>
    <line>
      <![CDATA[<br> <b>Please look to the screenshot - </b>]]>
    </line>
    <line>
      <![CDATA[<br> <b>Please look to the screenshot - </b>]]>
    </line>
    <line>
      <![CDATA[<br> <b>Please look to the screenshot - </b>]]>
    </line>
    <line>
      <![CDATA[<br> <b>Please look to the screenshot - </b>]]>
    </line>
    <line>
      <![CDATA[<br> <b>Please look to the screenshot - </b>]]>
    </line>
    <line>
      <![CDATA[<br> <b>Please look to the screenshot - </b>]]>
    </line>
    <line>
      <![CDATA[<br> <b>Please look to the screenshot - </b>]]>
    </line>
    <line>
      <![CDATA[<br> <b>Please look to the screenshot - </b>]]>
    </line>
    <line>
      <![CDATA[<br> <b>Please look to the screenshot - </b>]]>
    </line>
    <line>
      <![CDATA[<br> <b>Please look to the screenshot - </b>]]>
    </line>
    <line>
      <![CDATA[<br> <b>Please look to the screenshot - </b>]]>
    </line>
    <line>
      <![CDATA[<br> <b>Please look to the screenshot - </b>]]>
    </line>
    <line>
      <![CDATA[<br> <b>Please look to the screenshot - </b>]]>
    </line>
    <line>
      <![CDATA[<br> <b>Please look to the screenshot - </b>]]>
    </line>
    <line>
      <![CDATA[<br> <b>Please look to the screenshot - </b>]]>
    </line>
    <line>
      <![CDATA[<br> <b>Please look to the screenshot - </b>]]>
    </line>
    <line>
      <![CDATA[<br> <b>Please look to the screenshot - </b>]]>
    </line>
    <line>
      <![CDATA[<br> <b>Please look to the screenshot - </b>]]>
    </line>
    <line>
      <![CDATA[<br> <b>Please look to the screenshot - </b>]]>
    </line>
    <line>
      <![CDATA[<br> <b>Please look to the screenshot - </b>]]>
    </line>
    <line>
      <![CDATA[<br> <b>Please look to the screenshot - </b>]]>
    </line>
    <line>
      <![CDATA[<br> <b>Please look to the screenshot - </b>]]>
    </line>
    <line>
      <![CDATA[<br> <b>Please look to the screenshot - </b>]]>
    </line>
    <line>
      <![CDATA[<br> <b>Please look to the screenshot - </b>]]>
    </line>
    <line>
      <![CDATA[<br> <b>Please look to the screenshot - </b>]]>
    </line>
    <line>
      <![CDATA[<br> <b>Please look to the screenshot - </b>]]>
    </line>
  </reporter-output>
  <suite name="Auction Registration " duration-ms="0" started-at="2014-11-26T14:25:52Z" finished-at="2014-11-26T14:25:52Z">
    <groups>
    </groups>
  </suite> <!-- Auction Registration  -->
  <suite name="Admin User Scripts with Regualr Signup" duration-ms="0" started-at="2014-11-26T14:25:52Z" finished-at="2014-11-26T14:25:52Z">
    <groups>
    </groups>
  </suite> <!-- Admin User Scripts with Regualr Signup -->
  <suite name="Auction Software Automation " duration-ms="6680" started-at="2014-11-26T14:25:44Z" finished-at="2014-11-26T14:25:50Z">
    <groups>
    </groups>
    <test name="Selenium  Login Feature" duration-ms="2627" started-at="2014-11-26T14:25:44Z" finished-at="2014-11-26T14:25:46Z">
      <class name="com.auction.verifications.Index">
        <test-method status="PASS" signature="fetchSuiteConfiguration(org.testng.ITestContext)[pri:0, instance:com.auction.verifications.Index@22241a0d]" name="fetchSuiteConfiguration" is-config="true" duration-ms="50" started-at="2014-11-26T19:55:44Z" finished-at="2014-11-26T19:55:44Z">
          <params>
            <param index="0">
              <value>
                <![CDATA[org.testng.TestRunner@27589aa5]]>
              </value>
            </param>
          </params>
          <reporter-output>
          </reporter-output>
        </test-method> <!-- fetchSuiteConfiguration -->
        <test-method status="FAIL" signature="setUp(java.lang.reflect.Method)[pri:0, instance:com.auction.verifications.Index@22241a0d]" name="setUp" is-config="true" duration-ms="0" started-at="2014-11-26T19:55:44Z" finished-at="2014-11-26T19:55:44Z">
          <params>
            <param index="0">
              <value>
                <![CDATA[public void com.auction.verifications.Index.loginFeature(java.lang.String,java.lang.String)]]>
              </value>
            </param>
          </params>
          <exception class="org.openqa.selenium.remote.UnreachableBrowserException">
            <message>
              <![CDATA[Could not start a new session. Possible causes are invalid address of the remote server or browser start-up failure.
Build info: version: '2.44.0', revision: '76d78cf', time: '2014-10-23 20:02:37'
System info: host: 'Rahul-2.local', ip: '192.168.0.9', os.name: 'Mac OS X', os.arch: 'x86_64', os.version: '10.10', java.version: '1.7.0_67'
Driver info: driver.version: RemoteWebDriver]]>
            </message>
            <full-stacktrace>
              <![CDATA[org.openqa.selenium.remote.UnreachableBrowserException: Could not start a new session. Possible causes are invalid address of the remote server or browser start-up failure.
Build info: version: '2.44.0', revision: '76d78cf', time: '2014-10-23 20:02:37'
System info: host: 'Rahul-2.local', ip: '192.168.0.9', os.name: 'Mac OS X', os.arch: 'x86_64', os.version: '10.10', java.version: '1.7.0_67'
Driver info: driver.version: RemoteWebDriver
	at org.openqa.selenium.remote.RemoteWebDriver.execute(RemoteWebDriver.java:593)
	at org.openqa.selenium.remote.RemoteWebDriver.startSession(RemoteWebDriver.java:240)
	at org.openqa.selenium.remote.RemoteWebDriver.<init>(RemoteWebDriver.java:126)
	at org.openqa.selenium.remote.RemoteWebDriver.<init>(RemoteWebDriver.java:153)
	at com.auction.init.SeleniumInit.setUp(SeleniumInit.java:176)
	at sun.reflect.NativeMethodAccessorImpl.invoke0(Native Method)
	at sun.reflect.NativeMethodAccessorImpl.invoke(NativeMethodAccessorImpl.java:57)
	at sun.reflect.DelegatingMethodAccessorImpl.invoke(DelegatingMethodAccessorImpl.java:43)
	at java.lang.reflect.Method.invoke(Method.java:606)
	at org.testng.internal.MethodInvocationHelper.invokeMethod(MethodInvocationHelper.java:84)
	at org.testng.internal.Invoker.invokeConfigurationMethod(Invoker.java:564)
	at org.testng.internal.Invoker.invokeConfigurations(Invoker.java:213)
	at org.testng.internal.Invoker.invokeMethod(Invoker.java:653)
	at org.testng.internal.Invoker.invokeTestMethod(Invoker.java:901)
	at org.testng.internal.Invoker.invokeTestMethods(Invoker.java:1231)
	at org.testng.internal.TestMethodWorker.invokeTestMethods(TestMethodWorker.java:127)
	at org.testng.internal.TestMethodWorker.run(TestMethodWorker.java:111)
	at org.testng.TestRunner.privateRun(TestRunner.java:767)
	at org.testng.TestRunner.run(TestRunner.java:617)
	at org.testng.SuiteRunner.runTest(SuiteRunner.java:334)
	at org.testng.SuiteRunner.access$000(SuiteRunner.java:37)
	at org.testng.SuiteRunner$SuiteWorker.run(SuiteRunner.java:368)
	at org.testng.internal.thread.ThreadUtil$2.call(ThreadUtil.java:64)
	at java.util.concurrent.FutureTask.run(FutureTask.java:262)
	at java.util.concurrent.ThreadPoolExecutor.runWorker(ThreadPoolExecutor.java:1145)
	at java.util.concurrent.ThreadPoolExecutor$Worker.run(ThreadPoolExecutor.java:615)
	at java.lang.Thread.run(Thread.java:745)
Caused by: org.apache.http.conn.HttpHostConnectException: Connect to localhost:4444 [localhost/127.0.0.1, localhost/0:0:0:0:0:0:0:1, localhost/fe80:0:0:0:0:0:0:1%1] failed: Connection refused
	at org.apache.http.impl.conn.HttpClientConnectionOperator.connect(HttpClientConnectionOperator.java:140)
	at org.apache.http.impl.conn.PoolingHttpClientConnectionManager.connect(PoolingHttpClientConnectionManager.java:318)
	at org.apache.http.impl.execchain.MainClientExec.establishRoute(MainClientExec.java:363)
	at org.apache.http.impl.execchain.MainClientExec.execute(MainClientExec.java:219)
	at org.apache.http.impl.execchain.ProtocolExec.execute(ProtocolExec.java:195)
	at org.apache.http.impl.execchain.RetryExec.execute(RetryExec.java:86)
	at org.apache.http.impl.execchain.RedirectExec.execute(RedirectExec.java:108)
	at org.apache.http.impl.client.InternalHttpClient.doExecute(InternalHttpClient.java:184)
	at org.apache.http.impl.client.CloseableHttpClient.execute(CloseableHttpClient.java:72)
	at org.apache.http.impl.client.CloseableHttpClient.execute(CloseableHttpClient.java:57)
	at org.openqa.selenium.remote.HttpCommandExecutor.fallBackExecute(HttpCommandExecutor.java:215)
	at org.openqa.selenium.remote.HttpCommandExecutor.execute(HttpCommandExecutor.java:184)
	at org.openqa.selenium.remote.RemoteWebDriver.execute(RemoteWebDriver.java:572)
	... 26 more
Caused by: java.net.ConnectException: Connection refused
	at java.net.PlainSocketImpl.socketConnect(Native Method)
	at java.net.AbstractPlainSocketImpl.doConnect(AbstractPlainSocketImpl.java:339)
	at java.net.AbstractPlainSocketImpl.connectToAddress(AbstractPlainSocketImpl.java:200)
	at java.net.AbstractPlainSocketImpl.connect(AbstractPlainSocketImpl.java:182)
	at java.net.SocksSocketImpl.connect(SocksSocketImpl.java:392)
	at java.net.Socket.connect(Socket.java:579)
	at org.apache.http.conn.socket.PlainConnectionSocketFactory.connectSocket(PlainConnectionSocketFactory.java:72)
	at org.apache.http.impl.conn.HttpClientConnectionOperator.connect(HttpClientConnectionOperator.java:123)
	... 38 more
]]>
            </full-stacktrace>
          </exception> <!-- org.openqa.selenium.remote.UnreachableBrowserException -->
          <reporter-output>
          </reporter-output>
        </test-method> <!-- setUp -->
        <test-method status="SKIP" signature="loginFeature(java.lang.String, java.lang.String)[pri:0, instance:com.auction.verifications.Index@22241a0d]" name="loginFeature" duration-ms="0" started-at="2014-11-26T19:55:46Z" data-provider="login" finished-at="2014-11-26T19:55:46Z">
          <params>
            <param index="0">
              <value>
                <![CDATA[sagar1]]>
              </value>
            </param>
            <param index="1">
              <value>
                <![CDATA[123123]]>
              </value>
            </param>
          </params>
          <reporter-output>
            <line>
              <![CDATA[<br> <b>Please look to the screenshot - </b>]]>
            </line>
          </reporter-output>
        </test-method> <!-- loginFeature -->
        <test-method status="PASS" signature="tearDown(org.testng.ITestResult)[pri:0, instance:com.auction.verifications.Index@22241a0d]" name="tearDown" is-config="true" duration-ms="190" started-at="2014-11-26T19:55:46Z" finished-at="2014-11-26T19:55:46Z">
          <params>
            <param index="0">
              <value>
                <![CDATA[[TestResult name=loginFeature status=SKIP method=Index.loginFeature(java.lang.String, java.lang.String)[pri:0, instance:com.auction.verifications.Index@22241a0d] output=<br> <b>Please look to the screenshot - </b>]]]>
              </value>
            </param>
          </params>
          <reporter-output>
          </reporter-output>
        </test-method> <!-- tearDown -->
      </class> <!-- com.auction.verifications.Index -->
    </test> <!-- Selenium  Login Feature -->
    <test name="Selenium  Regular SignUp Username Already Exist" duration-ms="46" started-at="2014-11-26T14:25:46Z" finished-at="2014-11-26T14:25:46Z">
      <class name="com.auction.verifications.Index">
        <test-method status="PASS" signature="fetchSuiteConfiguration(org.testng.ITestContext)[pri:0, instance:com.auction.verifications.Index@77be16d5]" name="fetchSuiteConfiguration" is-config="true" duration-ms="1" started-at="2014-11-26T19:55:46Z" finished-at="2014-11-26T19:55:46Z">
          <params>
            <param index="0">
              <value>
                <![CDATA[org.testng.TestRunner@63ee0cd2]]>
              </value>
            </param>
          </params>
          <reporter-output>
          </reporter-output>
        </test-method> <!-- fetchSuiteConfiguration -->
        <test-method status="FAIL" signature="setUp(java.lang.reflect.Method)[pri:0, instance:com.auction.verifications.Index@77be16d5]" name="setUp" is-config="true" duration-ms="0" started-at="2014-11-26T19:55:46Z" finished-at="2014-11-26T19:55:46Z">
          <params>
            <param index="0">
              <value>
                <![CDATA[public void com.auction.verifications.Index.regularSignUpWithUsernameAlreadyExist(java.lang.String,java.lang.String) throws java.lang.InterruptedException,java.awt.AWTException]]>
              </value>
            </param>
          </params>
          <exception class="org.openqa.selenium.remote.UnreachableBrowserException">
            <message>
              <![CDATA[Could not start a new session. Possible causes are invalid address of the remote server or browser start-up failure.
Build info: version: '2.44.0', revision: '76d78cf', time: '2014-10-23 20:02:37'
System info: host: 'Rahul-2.local', ip: '192.168.0.9', os.name: 'Mac OS X', os.arch: 'x86_64', os.version: '10.10', java.version: '1.7.0_67'
Driver info: driver.version: RemoteWebDriver]]>
            </message>
            <full-stacktrace>
              <![CDATA[org.openqa.selenium.remote.UnreachableBrowserException: Could not start a new session. Possible causes are invalid address of the remote server or browser start-up failure.
Build info: version: '2.44.0', revision: '76d78cf', time: '2014-10-23 20:02:37'
System info: host: 'Rahul-2.local', ip: '192.168.0.9', os.name: 'Mac OS X', os.arch: 'x86_64', os.version: '10.10', java.version: '1.7.0_67'
Driver info: driver.version: RemoteWebDriver
	at org.openqa.selenium.remote.RemoteWebDriver.execute(RemoteWebDriver.java:593)
	at org.openqa.selenium.remote.RemoteWebDriver.startSession(RemoteWebDriver.java:240)
	at org.openqa.selenium.remote.RemoteWebDriver.<init>(RemoteWebDriver.java:126)
	at org.openqa.selenium.remote.RemoteWebDriver.<init>(RemoteWebDriver.java:153)
	at com.auction.init.SeleniumInit.setUp(SeleniumInit.java:176)
	at sun.reflect.NativeMethodAccessorImpl.invoke0(Native Method)
	at sun.reflect.NativeMethodAccessorImpl.invoke(NativeMethodAccessorImpl.java:57)
	at sun.reflect.DelegatingMethodAccessorImpl.invoke(DelegatingMethodAccessorImpl.java:43)
	at java.lang.reflect.Method.invoke(Method.java:606)
	at org.testng.internal.MethodInvocationHelper.invokeMethod(MethodInvocationHelper.java:84)
	at org.testng.internal.Invoker.invokeConfigurationMethod(Invoker.java:564)
	at org.testng.internal.Invoker.invokeConfigurations(Invoker.java:213)
	at org.testng.internal.Invoker.invokeMethod(Invoker.java:653)
	at org.testng.internal.Invoker.invokeTestMethod(Invoker.java:901)
	at org.testng.internal.Invoker.invokeTestMethods(Invoker.java:1231)
	at org.testng.internal.TestMethodWorker.invokeTestMethods(TestMethodWorker.java:127)
	at org.testng.internal.TestMethodWorker.run(TestMethodWorker.java:111)
	at org.testng.TestRunner.privateRun(TestRunner.java:767)
	at org.testng.TestRunner.run(TestRunner.java:617)
	at org.testng.SuiteRunner.runTest(SuiteRunner.java:334)
	at org.testng.SuiteRunner.access$000(SuiteRunner.java:37)
	at org.testng.SuiteRunner$SuiteWorker.run(SuiteRunner.java:368)
	at org.testng.internal.thread.ThreadUtil$2.call(ThreadUtil.java:64)
	at java.util.concurrent.FutureTask.run(FutureTask.java:262)
	at java.util.concurrent.ThreadPoolExecutor.runWorker(ThreadPoolExecutor.java:1145)
	at java.util.concurrent.ThreadPoolExecutor$Worker.run(ThreadPoolExecutor.java:615)
	at java.lang.Thread.run(Thread.java:745)
Caused by: org.apache.http.conn.HttpHostConnectException: Connect to localhost:4444 [localhost/127.0.0.1, localhost/0:0:0:0:0:0:0:1, localhost/fe80:0:0:0:0:0:0:1%1] failed: Connection refused
	at org.apache.http.impl.conn.HttpClientConnectionOperator.connect(HttpClientConnectionOperator.java:140)
	at org.apache.http.impl.conn.PoolingHttpClientConnectionManager.connect(PoolingHttpClientConnectionManager.java:318)
	at org.apache.http.impl.execchain.MainClientExec.establishRoute(MainClientExec.java:363)
	at org.apache.http.impl.execchain.MainClientExec.execute(MainClientExec.java:219)
	at org.apache.http.impl.execchain.ProtocolExec.execute(ProtocolExec.java:195)
	at org.apache.http.impl.execchain.RetryExec.execute(RetryExec.java:86)
	at org.apache.http.impl.execchain.RedirectExec.execute(RedirectExec.java:108)
	at org.apache.http.impl.client.InternalHttpClient.doExecute(InternalHttpClient.java:184)
	at org.apache.http.impl.client.CloseableHttpClient.execute(CloseableHttpClient.java:72)
	at org.apache.http.impl.client.CloseableHttpClient.execute(CloseableHttpClient.java:57)
	at org.openqa.selenium.remote.HttpCommandExecutor.fallBackExecute(HttpCommandExecutor.java:215)
	at org.openqa.selenium.remote.HttpCommandExecutor.execute(HttpCommandExecutor.java:184)
	at org.openqa.selenium.remote.RemoteWebDriver.execute(RemoteWebDriver.java:572)
	... 26 more
Caused by: java.net.ConnectException: Connection refused
	at java.net.PlainSocketImpl.socketConnect(Native Method)
	at java.net.AbstractPlainSocketImpl.doConnect(AbstractPlainSocketImpl.java:339)
	at java.net.AbstractPlainSocketImpl.connectToAddress(AbstractPlainSocketImpl.java:200)
	at java.net.AbstractPlainSocketImpl.connect(AbstractPlainSocketImpl.java:182)
	at java.net.SocksSocketImpl.connect(SocksSocketImpl.java:392)
	at java.net.Socket.connect(Socket.java:579)
	at org.apache.http.conn.socket.PlainConnectionSocketFactory.connectSocket(PlainConnectionSocketFactory.java:72)
	at org.apache.http.impl.conn.HttpClientConnectionOperator.connect(HttpClientConnectionOperator.java:123)
	... 38 more
]]>
            </full-stacktrace>
          </exception> <!-- org.openqa.selenium.remote.UnreachableBrowserException -->
          <reporter-output>
          </reporter-output>
        </test-method> <!-- setUp -->
        <test-method status="SKIP" signature="regularSignUpWithUsernameAlreadyExist(java.lang.String, java.lang.String)[pri:0, instance:com.auction.verifications.Index@77be16d5]" name="regularSignUpWithUsernameAlreadyExist" duration-ms="1" started-at="2014-11-26T19:55:46Z" data-provider="regularsignup" finished-at="2014-11-26T19:55:46Z">
          <params>
            <param index="0">
              <value>
                <![CDATA[admin]]>
              </value>
            </param>
            <param index="1">
              <value>
                <![CDATA[123123]]>
              </value>
            </param>
          </params>
          <reporter-output>
            <line>
              <![CDATA[<br> <b>Please look to the screenshot - </b>]]>
            </line>
          </reporter-output>
        </test-method> <!-- regularSignUpWithUsernameAlreadyExist -->
        <test-method status="PASS" signature="tearDown(org.testng.ITestResult)[pri:0, instance:com.auction.verifications.Index@77be16d5]" name="tearDown" is-config="true" duration-ms="0" started-at="2014-11-26T19:55:46Z" finished-at="2014-11-26T19:55:46Z">
          <params>
            <param index="0">
              <value>
                <![CDATA[[TestResult name=regularSignUpWithUsernameAlreadyExist status=SKIP method=Index.regularSignUpWithUsernameAlreadyExist(java.lang.String, java.lang.String)[pri:0, instance:com.auction.verifications.Index@77be16d5] output=<br> <b>Please look to the screenshot - </b>]]]>
              </value>
            </param>
          </params>
          <reporter-output>
          </reporter-output>
        </test-method> <!-- tearDown -->
      </class> <!-- com.auction.verifications.Index -->
    </test> <!-- Selenium  Regular SignUp Username Already Exist -->
    <test name="Selenium  Regular SignUp email already existing in the system" duration-ms="32" started-at="2014-11-26T14:25:46Z" finished-at="2014-11-26T14:25:47Z">
      <class name="com.auction.verifications.Index">
        <test-method status="PASS" signature="fetchSuiteConfiguration(org.testng.ITestContext)[pri:0, instance:com.auction.verifications.Index@32039440]" name="fetchSuiteConfiguration" is-config="true" duration-ms="0" started-at="2014-11-26T19:55:47Z" finished-at="2014-11-26T19:55:47Z">
          <params>
            <param index="0">
              <value>
                <![CDATA[org.testng.TestRunner@218be23f]]>
              </value>
            </param>
          </params>
          <reporter-output>
          </reporter-output>
        </test-method> <!-- fetchSuiteConfiguration -->
        <test-method status="FAIL" signature="setUp(java.lang.reflect.Method)[pri:0, instance:com.auction.verifications.Index@32039440]" name="setUp" is-config="true" duration-ms="0" started-at="2014-11-26T19:55:47Z" finished-at="2014-11-26T19:55:47Z">
          <params>
            <param index="0">
              <value>
                <![CDATA[public void com.auction.verifications.Index.regularSignupalreadyEmailExist(java.lang.String,java.lang.String) throws java.lang.InterruptedException,java.awt.AWTException]]>
              </value>
            </param>
          </params>
          <exception class="org.openqa.selenium.remote.UnreachableBrowserException">
            <message>
              <![CDATA[Could not start a new session. Possible causes are invalid address of the remote server or browser start-up failure.
Build info: version: '2.44.0', revision: '76d78cf', time: '2014-10-23 20:02:37'
System info: host: 'Rahul-2.local', ip: '192.168.0.9', os.name: 'Mac OS X', os.arch: 'x86_64', os.version: '10.10', java.version: '1.7.0_67'
Driver info: driver.version: RemoteWebDriver]]>
            </message>
            <full-stacktrace>
              <![CDATA[org.openqa.selenium.remote.UnreachableBrowserException: Could not start a new session. Possible causes are invalid address of the remote server or browser start-up failure.
Build info: version: '2.44.0', revision: '76d78cf', time: '2014-10-23 20:02:37'
System info: host: 'Rahul-2.local', ip: '192.168.0.9', os.name: 'Mac OS X', os.arch: 'x86_64', os.version: '10.10', java.version: '1.7.0_67'
Driver info: driver.version: RemoteWebDriver
	at org.openqa.selenium.remote.RemoteWebDriver.execute(RemoteWebDriver.java:593)
	at org.openqa.selenium.remote.RemoteWebDriver.startSession(RemoteWebDriver.java:240)
	at org.openqa.selenium.remote.RemoteWebDriver.<init>(RemoteWebDriver.java:126)
	at org.openqa.selenium.remote.RemoteWebDriver.<init>(RemoteWebDriver.java:153)
	at com.auction.init.SeleniumInit.setUp(SeleniumInit.java:176)
	at sun.reflect.NativeMethodAccessorImpl.invoke0(Native Method)
	at sun.reflect.NativeMethodAccessorImpl.invoke(NativeMethodAccessorImpl.java:57)
	at sun.reflect.DelegatingMethodAccessorImpl.invoke(DelegatingMethodAccessorImpl.java:43)
	at java.lang.reflect.Method.invoke(Method.java:606)
	at org.testng.internal.MethodInvocationHelper.invokeMethod(MethodInvocationHelper.java:84)
	at org.testng.internal.Invoker.invokeConfigurationMethod(Invoker.java:564)
	at org.testng.internal.Invoker.invokeConfigurations(Invoker.java:213)
	at org.testng.internal.Invoker.invokeMethod(Invoker.java:653)
	at org.testng.internal.Invoker.invokeTestMethod(Invoker.java:901)
	at org.testng.internal.Invoker.invokeTestMethods(Invoker.java:1231)
	at org.testng.internal.TestMethodWorker.invokeTestMethods(TestMethodWorker.java:127)
	at org.testng.internal.TestMethodWorker.run(TestMethodWorker.java:111)
	at org.testng.TestRunner.privateRun(TestRunner.java:767)
	at org.testng.TestRunner.run(TestRunner.java:617)
	at org.testng.SuiteRunner.runTest(SuiteRunner.java:334)
	at org.testng.SuiteRunner.access$000(SuiteRunner.java:37)
	at org.testng.SuiteRunner$SuiteWorker.run(SuiteRunner.java:368)
	at org.testng.internal.thread.ThreadUtil$2.call(ThreadUtil.java:64)
	at java.util.concurrent.FutureTask.run(FutureTask.java:262)
	at java.util.concurrent.ThreadPoolExecutor.runWorker(ThreadPoolExecutor.java:1145)
	at java.util.concurrent.ThreadPoolExecutor$Worker.run(ThreadPoolExecutor.java:615)
	at java.lang.Thread.run(Thread.java:745)
Caused by: org.apache.http.conn.HttpHostConnectException: Connect to localhost:4444 [localhost/127.0.0.1, localhost/0:0:0:0:0:0:0:1, localhost/fe80:0:0:0:0:0:0:1%1] failed: Connection refused
	at org.apache.http.impl.conn.HttpClientConnectionOperator.connect(HttpClientConnectionOperator.java:140)
	at org.apache.http.impl.conn.PoolingHttpClientConnectionManager.connect(PoolingHttpClientConnectionManager.java:318)
	at org.apache.http.impl.execchain.MainClientExec.establishRoute(MainClientExec.java:363)
	at org.apache.http.impl.execchain.MainClientExec.execute(MainClientExec.java:219)
	at org.apache.http.impl.execchain.ProtocolExec.execute(ProtocolExec.java:195)
	at org.apache.http.impl.execchain.RetryExec.execute(RetryExec.java:86)
	at org.apache.http.impl.execchain.RedirectExec.execute(RedirectExec.java:108)
	at org.apache.http.impl.client.InternalHttpClient.doExecute(InternalHttpClient.java:184)
	at org.apache.http.impl.client.CloseableHttpClient.execute(CloseableHttpClient.java:72)
	at org.apache.http.impl.client.CloseableHttpClient.execute(CloseableHttpClient.java:57)
	at org.openqa.selenium.remote.HttpCommandExecutor.fallBackExecute(HttpCommandExecutor.java:215)
	at org.openqa.selenium.remote.HttpCommandExecutor.execute(HttpCommandExecutor.java:184)
	at org.openqa.selenium.remote.RemoteWebDriver.execute(RemoteWebDriver.java:572)
	... 26 more
Caused by: java.net.ConnectException: Connection refused
	at java.net.PlainSocketImpl.socketConnect(Native Method)
	at java.net.AbstractPlainSocketImpl.doConnect(AbstractPlainSocketImpl.java:339)
	at java.net.AbstractPlainSocketImpl.connectToAddress(AbstractPlainSocketImpl.java:200)
	at java.net.AbstractPlainSocketImpl.connect(AbstractPlainSocketImpl.java:182)
	at java.net.SocksSocketImpl.connect(SocksSocketImpl.java:392)
	at java.net.Socket.connect(Socket.java:579)
	at org.apache.http.conn.socket.PlainConnectionSocketFactory.connectSocket(PlainConnectionSocketFactory.java:72)
	at org.apache.http.impl.conn.HttpClientConnectionOperator.connect(HttpClientConnectionOperator.java:123)
	... 38 more
]]>
            </full-stacktrace>
          </exception> <!-- org.openqa.selenium.remote.UnreachableBrowserException -->
          <reporter-output>
          </reporter-output>
        </test-method> <!-- setUp -->
        <test-method status="SKIP" signature="regularSignupalreadyEmailExist(java.lang.String, java.lang.String)[pri:0, instance:com.auction.verifications.Index@32039440]" name="regularSignupalreadyEmailExist" duration-ms="1" started-at="2014-11-26T19:55:47Z" data-provider="regularsignup" finished-at="2014-11-26T19:55:47Z">
          <params>
            <param index="0">
              <value>
                <![CDATA[admin]]>
              </value>
            </param>
            <param index="1">
              <value>
                <![CDATA[123123]]>
              </value>
            </param>
          </params>
          <reporter-output>
            <line>
              <![CDATA[<br> <b>Please look to the screenshot - </b>]]>
            </line>
          </reporter-output>
        </test-method> <!-- regularSignupalreadyEmailExist -->
        <test-method status="PASS" signature="tearDown(org.testng.ITestResult)[pri:0, instance:com.auction.verifications.Index@32039440]" name="tearDown" is-config="true" duration-ms="1" started-at="2014-11-26T19:55:47Z" finished-at="2014-11-26T19:55:47Z">
          <params>
            <param index="0">
              <value>
                <![CDATA[[TestResult name=regularSignupalreadyEmailExist status=SKIP method=Index.regularSignupalreadyEmailExist(java.lang.String, java.lang.String)[pri:0, instance:com.auction.verifications.Index@32039440] output=<br> <b>Please look to the screenshot - </b>]]]>
              </value>
            </param>
          </params>
          <reporter-output>
          </reporter-output>
        </test-method> <!-- tearDown -->
      </class> <!-- com.auction.verifications.Index -->
    </test> <!-- Selenium  Regular SignUp email already existing in the system -->
    <test name="Selenium  Regular SignUp No Captcha Feature" duration-ms="29" started-at="2014-11-26T14:25:47Z" finished-at="2014-11-26T14:25:47Z">
      <class name="com.auction.verifications.Index">
        <test-method status="PASS" signature="fetchSuiteConfiguration(org.testng.ITestContext)[pri:0, instance:com.auction.verifications.Index@16daece7]" name="fetchSuiteConfiguration" is-config="true" duration-ms="1" started-at="2014-11-26T19:55:47Z" finished-at="2014-11-26T19:55:47Z">
          <params>
            <param index="0">
              <value>
                <![CDATA[org.testng.TestRunner@66b2a74d]]>
              </value>
            </param>
          </params>
          <reporter-output>
          </reporter-output>
        </test-method> <!-- fetchSuiteConfiguration -->
        <test-method status="FAIL" signature="setUp(java.lang.reflect.Method)[pri:0, instance:com.auction.verifications.Index@16daece7]" name="setUp" is-config="true" duration-ms="0" started-at="2014-11-26T19:55:47Z" finished-at="2014-11-26T19:55:47Z">
          <params>
            <param index="0">
              <value>
                <![CDATA[public void com.auction.verifications.Index.regularSignupNoCaptcha(java.lang.String,java.lang.String) throws java.lang.InterruptedException,java.awt.AWTException]]>
              </value>
            </param>
          </params>
          <exception class="org.openqa.selenium.remote.UnreachableBrowserException">
            <message>
              <![CDATA[Could not start a new session. Possible causes are invalid address of the remote server or browser start-up failure.
Build info: version: '2.44.0', revision: '76d78cf', time: '2014-10-23 20:02:37'
System info: host: 'Rahul-2.local', ip: '192.168.0.9', os.name: 'Mac OS X', os.arch: 'x86_64', os.version: '10.10', java.version: '1.7.0_67'
Driver info: driver.version: RemoteWebDriver]]>
            </message>
            <full-stacktrace>
              <![CDATA[org.openqa.selenium.remote.UnreachableBrowserException: Could not start a new session. Possible causes are invalid address of the remote server or browser start-up failure.
Build info: version: '2.44.0', revision: '76d78cf', time: '2014-10-23 20:02:37'
System info: host: 'Rahul-2.local', ip: '192.168.0.9', os.name: 'Mac OS X', os.arch: 'x86_64', os.version: '10.10', java.version: '1.7.0_67'
Driver info: driver.version: RemoteWebDriver
	at org.openqa.selenium.remote.RemoteWebDriver.execute(RemoteWebDriver.java:593)
	at org.openqa.selenium.remote.RemoteWebDriver.startSession(RemoteWebDriver.java:240)
	at org.openqa.selenium.remote.RemoteWebDriver.<init>(RemoteWebDriver.java:126)
	at org.openqa.selenium.remote.RemoteWebDriver.<init>(RemoteWebDriver.java:153)
	at com.auction.init.SeleniumInit.setUp(SeleniumInit.java:176)
	at sun.reflect.NativeMethodAccessorImpl.invoke0(Native Method)
	at sun.reflect.NativeMethodAccessorImpl.invoke(NativeMethodAccessorImpl.java:57)
	at sun.reflect.DelegatingMethodAccessorImpl.invoke(DelegatingMethodAccessorImpl.java:43)
	at java.lang.reflect.Method.invoke(Method.java:606)
	at org.testng.internal.MethodInvocationHelper.invokeMethod(MethodInvocationHelper.java:84)
	at org.testng.internal.Invoker.invokeConfigurationMethod(Invoker.java:564)
	at org.testng.internal.Invoker.invokeConfigurations(Invoker.java:213)
	at org.testng.internal.Invoker.invokeMethod(Invoker.java:653)
	at org.testng.internal.Invoker.invokeTestMethod(Invoker.java:901)
	at org.testng.internal.Invoker.invokeTestMethods(Invoker.java:1231)
	at org.testng.internal.TestMethodWorker.invokeTestMethods(TestMethodWorker.java:127)
	at org.testng.internal.TestMethodWorker.run(TestMethodWorker.java:111)
	at org.testng.TestRunner.privateRun(TestRunner.java:767)
	at org.testng.TestRunner.run(TestRunner.java:617)
	at org.testng.SuiteRunner.runTest(SuiteRunner.java:334)
	at org.testng.SuiteRunner.access$000(SuiteRunner.java:37)
	at org.testng.SuiteRunner$SuiteWorker.run(SuiteRunner.java:368)
	at org.testng.internal.thread.ThreadUtil$2.call(ThreadUtil.java:64)
	at java.util.concurrent.FutureTask.run(FutureTask.java:262)
	at java.util.concurrent.ThreadPoolExecutor.runWorker(ThreadPoolExecutor.java:1145)
	at java.util.concurrent.ThreadPoolExecutor$Worker.run(ThreadPoolExecutor.java:615)
	at java.lang.Thread.run(Thread.java:745)
Caused by: org.apache.http.conn.HttpHostConnectException: Connect to localhost:4444 [localhost/127.0.0.1, localhost/0:0:0:0:0:0:0:1, localhost/fe80:0:0:0:0:0:0:1%1] failed: Connection refused
	at org.apache.http.impl.conn.HttpClientConnectionOperator.connect(HttpClientConnectionOperator.java:140)
	at org.apache.http.impl.conn.PoolingHttpClientConnectionManager.connect(PoolingHttpClientConnectionManager.java:318)
	at org.apache.http.impl.execchain.MainClientExec.establishRoute(MainClientExec.java:363)
	at org.apache.http.impl.execchain.MainClientExec.execute(MainClientExec.java:219)
	at org.apache.http.impl.execchain.ProtocolExec.execute(ProtocolExec.java:195)
	at org.apache.http.impl.execchain.RetryExec.execute(RetryExec.java:86)
	at org.apache.http.impl.execchain.RedirectExec.execute(RedirectExec.java:108)
	at org.apache.http.impl.client.InternalHttpClient.doExecute(InternalHttpClient.java:184)
	at org.apache.http.impl.client.CloseableHttpClient.execute(CloseableHttpClient.java:72)
	at org.apache.http.impl.client.CloseableHttpClient.execute(CloseableHttpClient.java:57)
	at org.openqa.selenium.remote.HttpCommandExecutor.fallBackExecute(HttpCommandExecutor.java:215)
	at org.openqa.selenium.remote.HttpCommandExecutor.execute(HttpCommandExecutor.java:184)
	at org.openqa.selenium.remote.RemoteWebDriver.execute(RemoteWebDriver.java:572)
	... 26 more
Caused by: java.net.ConnectException: Connection refused
	at java.net.PlainSocketImpl.socketConnect(Native Method)
	at java.net.AbstractPlainSocketImpl.doConnect(AbstractPlainSocketImpl.java:339)
	at java.net.AbstractPlainSocketImpl.connectToAddress(AbstractPlainSocketImpl.java:200)
	at java.net.AbstractPlainSocketImpl.connect(AbstractPlainSocketImpl.java:182)
	at java.net.SocksSocketImpl.connect(SocksSocketImpl.java:392)
	at java.net.Socket.connect(Socket.java:579)
	at org.apache.http.conn.socket.PlainConnectionSocketFactory.connectSocket(PlainConnectionSocketFactory.java:72)
	at org.apache.http.impl.conn.HttpClientConnectionOperator.connect(HttpClientConnectionOperator.java:123)
	... 38 more
]]>
            </full-stacktrace>
          </exception> <!-- org.openqa.selenium.remote.UnreachableBrowserException -->
          <reporter-output>
          </reporter-output>
        </test-method> <!-- setUp -->
        <test-method status="SKIP" signature="regularSignupNoCaptcha(java.lang.String, java.lang.String)[pri:0, instance:com.auction.verifications.Index@16daece7]" name="regularSignupNoCaptcha" duration-ms="1" started-at="2014-11-26T19:55:47Z" data-provider="regularsignup" finished-at="2014-11-26T19:55:47Z">
          <params>
            <param index="0">
              <value>
                <![CDATA[admin]]>
              </value>
            </param>
            <param index="1">
              <value>
                <![CDATA[123123]]>
              </value>
            </param>
          </params>
          <reporter-output>
            <line>
              <![CDATA[<br> <b>Please look to the screenshot - </b>]]>
            </line>
          </reporter-output>
        </test-method> <!-- regularSignupNoCaptcha -->
        <test-method status="PASS" signature="tearDown(org.testng.ITestResult)[pri:0, instance:com.auction.verifications.Index@16daece7]" name="tearDown" is-config="true" duration-ms="1" started-at="2014-11-26T19:55:47Z" finished-at="2014-11-26T19:55:47Z">
          <params>
            <param index="0">
              <value>
                <![CDATA[[TestResult name=regularSignupNoCaptcha status=SKIP method=Index.regularSignupNoCaptcha(java.lang.String, java.lang.String)[pri:0, instance:com.auction.verifications.Index@16daece7] output=<br> <b>Please look to the screenshot - </b>]]]>
              </value>
            </param>
          </params>
          <reporter-output>
          </reporter-output>
        </test-method> <!-- tearDown -->
      </class> <!-- com.auction.verifications.Index -->
    </test> <!-- Selenium  Regular SignUp No Captcha Feature -->
    <test name="Selenium  Regular SignUp Wrong Captcha Feature" duration-ms="21" started-at="2014-11-26T14:25:47Z" finished-at="2014-11-26T14:25:47Z">
      <class name="com.auction.verifications.Index">
        <test-method status="PASS" signature="fetchSuiteConfiguration(org.testng.ITestContext)[pri:0, instance:com.auction.verifications.Index@3595ecae]" name="fetchSuiteConfiguration" is-config="true" duration-ms="1" started-at="2014-11-26T19:55:47Z" finished-at="2014-11-26T19:55:47Z">
          <params>
            <param index="0">
              <value>
                <![CDATA[org.testng.TestRunner@5b05e4e7]]>
              </value>
            </param>
          </params>
          <reporter-output>
          </reporter-output>
        </test-method> <!-- fetchSuiteConfiguration -->
        <test-method status="FAIL" signature="setUp(java.lang.reflect.Method)[pri:0, instance:com.auction.verifications.Index@3595ecae]" name="setUp" is-config="true" duration-ms="0" started-at="2014-11-26T19:55:47Z" finished-at="2014-11-26T19:55:47Z">
          <params>
            <param index="0">
              <value>
                <![CDATA[public void com.auction.verifications.Index.regularSignupWrongCaptcha(java.lang.String,java.lang.String) throws java.lang.InterruptedException,java.awt.AWTException]]>
              </value>
            </param>
          </params>
          <exception class="org.openqa.selenium.remote.UnreachableBrowserException">
            <message>
              <![CDATA[Could not start a new session. Possible causes are invalid address of the remote server or browser start-up failure.
Build info: version: '2.44.0', revision: '76d78cf', time: '2014-10-23 20:02:37'
System info: host: 'Rahul-2.local', ip: '192.168.0.9', os.name: 'Mac OS X', os.arch: 'x86_64', os.version: '10.10', java.version: '1.7.0_67'
Driver info: driver.version: RemoteWebDriver]]>
            </message>
            <full-stacktrace>
              <![CDATA[org.openqa.selenium.remote.UnreachableBrowserException: Could not start a new session. Possible causes are invalid address of the remote server or browser start-up failure.
Build info: version: '2.44.0', revision: '76d78cf', time: '2014-10-23 20:02:37'
System info: host: 'Rahul-2.local', ip: '192.168.0.9', os.name: 'Mac OS X', os.arch: 'x86_64', os.version: '10.10', java.version: '1.7.0_67'
Driver info: driver.version: RemoteWebDriver
	at org.openqa.selenium.remote.RemoteWebDriver.execute(RemoteWebDriver.java:593)
	at org.openqa.selenium.remote.RemoteWebDriver.startSession(RemoteWebDriver.java:240)
	at org.openqa.selenium.remote.RemoteWebDriver.<init>(RemoteWebDriver.java:126)
	at org.openqa.selenium.remote.RemoteWebDriver.<init>(RemoteWebDriver.java:153)
	at com.auction.init.SeleniumInit.setUp(SeleniumInit.java:176)
	at sun.reflect.NativeMethodAccessorImpl.invoke0(Native Method)
	at sun.reflect.NativeMethodAccessorImpl.invoke(NativeMethodAccessorImpl.java:57)
	at sun.reflect.DelegatingMethodAccessorImpl.invoke(DelegatingMethodAccessorImpl.java:43)
	at java.lang.reflect.Method.invoke(Method.java:606)
	at org.testng.internal.MethodInvocationHelper.invokeMethod(MethodInvocationHelper.java:84)
	at org.testng.internal.Invoker.invokeConfigurationMethod(Invoker.java:564)
	at org.testng.internal.Invoker.invokeConfigurations(Invoker.java:213)
	at org.testng.internal.Invoker.invokeMethod(Invoker.java:653)
	at org.testng.internal.Invoker.invokeTestMethod(Invoker.java:901)
	at org.testng.internal.Invoker.invokeTestMethods(Invoker.java:1231)
	at org.testng.internal.TestMethodWorker.invokeTestMethods(TestMethodWorker.java:127)
	at org.testng.internal.TestMethodWorker.run(TestMethodWorker.java:111)
	at org.testng.TestRunner.privateRun(TestRunner.java:767)
	at org.testng.TestRunner.run(TestRunner.java:617)
	at org.testng.SuiteRunner.runTest(SuiteRunner.java:334)
	at org.testng.SuiteRunner.access$000(SuiteRunner.java:37)
	at org.testng.SuiteRunner$SuiteWorker.run(SuiteRunner.java:368)
	at org.testng.internal.thread.ThreadUtil$2.call(ThreadUtil.java:64)
	at java.util.concurrent.FutureTask.run(FutureTask.java:262)
	at java.util.concurrent.ThreadPoolExecutor.runWorker(ThreadPoolExecutor.java:1145)
	at java.util.concurrent.ThreadPoolExecutor$Worker.run(ThreadPoolExecutor.java:615)
	at java.lang.Thread.run(Thread.java:745)
Caused by: org.apache.http.conn.HttpHostConnectException: Connect to localhost:4444 [localhost/127.0.0.1, localhost/0:0:0:0:0:0:0:1, localhost/fe80:0:0:0:0:0:0:1%1] failed: Connection refused
	at org.apache.http.impl.conn.HttpClientConnectionOperator.connect(HttpClientConnectionOperator.java:140)
	at org.apache.http.impl.conn.PoolingHttpClientConnectionManager.connect(PoolingHttpClientConnectionManager.java:318)
	at org.apache.http.impl.execchain.MainClientExec.establishRoute(MainClientExec.java:363)
	at org.apache.http.impl.execchain.MainClientExec.execute(MainClientExec.java:219)
	at org.apache.http.impl.execchain.ProtocolExec.execute(ProtocolExec.java:195)
	at org.apache.http.impl.execchain.RetryExec.execute(RetryExec.java:86)
	at org.apache.http.impl.execchain.RedirectExec.execute(RedirectExec.java:108)
	at org.apache.http.impl.client.InternalHttpClient.doExecute(InternalHttpClient.java:184)
	at org.apache.http.impl.client.CloseableHttpClient.execute(CloseableHttpClient.java:72)
	at org.apache.http.impl.client.CloseableHttpClient.execute(CloseableHttpClient.java:57)
	at org.openqa.selenium.remote.HttpCommandExecutor.fallBackExecute(HttpCommandExecutor.java:215)
	at org.openqa.selenium.remote.HttpCommandExecutor.execute(HttpCommandExecutor.java:184)
	at org.openqa.selenium.remote.RemoteWebDriver.execute(RemoteWebDriver.java:572)
	... 26 more
Caused by: java.net.ConnectException: Connection refused
	at java.net.PlainSocketImpl.socketConnect(Native Method)
	at java.net.AbstractPlainSocketImpl.doConnect(AbstractPlainSocketImpl.java:339)
	at java.net.AbstractPlainSocketImpl.connectToAddress(AbstractPlainSocketImpl.java:200)
	at java.net.AbstractPlainSocketImpl.connect(AbstractPlainSocketImpl.java:182)
	at java.net.SocksSocketImpl.connect(SocksSocketImpl.java:392)
	at java.net.Socket.connect(Socket.java:579)
	at org.apache.http.conn.socket.PlainConnectionSocketFactory.connectSocket(PlainConnectionSocketFactory.java:72)
	at org.apache.http.impl.conn.HttpClientConnectionOperator.connect(HttpClientConnectionOperator.java:123)
	... 38 more
]]>
            </full-stacktrace>
          </exception> <!-- org.openqa.selenium.remote.UnreachableBrowserException -->
          <reporter-output>
          </reporter-output>
        </test-method> <!-- setUp -->
        <test-method status="SKIP" signature="regularSignupWrongCaptcha(java.lang.String, java.lang.String)[pri:0, instance:com.auction.verifications.Index@3595ecae]" name="regularSignupWrongCaptcha" duration-ms="1" started-at="2014-11-26T19:55:47Z" data-provider="regularsignup" finished-at="2014-11-26T19:55:47Z">
          <params>
            <param index="0">
              <value>
                <![CDATA[admin]]>
              </value>
            </param>
            <param index="1">
              <value>
                <![CDATA[123123]]>
              </value>
            </param>
          </params>
          <reporter-output>
            <line>
              <![CDATA[<br> <b>Please look to the screenshot - </b>]]>
            </line>
          </reporter-output>
        </test-method> <!-- regularSignupWrongCaptcha -->
        <test-method status="PASS" signature="tearDown(org.testng.ITestResult)[pri:0, instance:com.auction.verifications.Index@3595ecae]" name="tearDown" is-config="true" duration-ms="0" started-at="2014-11-26T19:55:47Z" finished-at="2014-11-26T19:55:47Z">
          <params>
            <param index="0">
              <value>
                <![CDATA[[TestResult name=regularSignupWrongCaptcha status=SKIP method=Index.regularSignupWrongCaptcha(java.lang.String, java.lang.String)[pri:0, instance:com.auction.verifications.Index@3595ecae] output=<br> <b>Please look to the screenshot - </b>]]]>
              </value>
            </param>
          </params>
          <reporter-output>
          </reporter-output>
        </test-method> <!-- tearDown -->
      </class> <!-- com.auction.verifications.Index -->
    </test> <!-- Selenium  Regular SignUp Wrong Captcha Feature -->
    <test name="Selenium  Regular SignUp Confirmation Is Not Checked" duration-ms="18" started-at="2014-11-26T14:25:47Z" finished-at="2014-11-26T14:25:47Z">
      <class name="com.auction.verifications.Index">
        <test-method status="PASS" signature="fetchSuiteConfiguration(org.testng.ITestContext)[pri:0, instance:com.auction.verifications.Index@15b39190]" name="fetchSuiteConfiguration" is-config="true" duration-ms="0" started-at="2014-11-26T19:55:47Z" finished-at="2014-11-26T19:55:47Z">
          <params>
            <param index="0">
              <value>
                <![CDATA[org.testng.TestRunner@5ff72860]]>
              </value>
            </param>
          </params>
          <reporter-output>
          </reporter-output>
        </test-method> <!-- fetchSuiteConfiguration -->
        <test-method status="FAIL" signature="setUp(java.lang.reflect.Method)[pri:0, instance:com.auction.verifications.Index@15b39190]" name="setUp" is-config="true" duration-ms="0" started-at="2014-11-26T19:55:47Z" finished-at="2014-11-26T19:55:47Z">
          <params>
            <param index="0">
              <value>
                <![CDATA[public void com.auction.verifications.Index.regularSignupConfirmationIsNotChecked(java.lang.String,java.lang.String) throws java.lang.InterruptedException,java.awt.AWTException]]>
              </value>
            </param>
          </params>
          <exception class="org.openqa.selenium.remote.UnreachableBrowserException">
            <message>
              <![CDATA[Could not start a new session. Possible causes are invalid address of the remote server or browser start-up failure.
Build info: version: '2.44.0', revision: '76d78cf', time: '2014-10-23 20:02:37'
System info: host: 'Rahul-2.local', ip: '192.168.0.9', os.name: 'Mac OS X', os.arch: 'x86_64', os.version: '10.10', java.version: '1.7.0_67'
Driver info: driver.version: RemoteWebDriver]]>
            </message>
            <full-stacktrace>
              <![CDATA[org.openqa.selenium.remote.UnreachableBrowserException: Could not start a new session. Possible causes are invalid address of the remote server or browser start-up failure.
Build info: version: '2.44.0', revision: '76d78cf', time: '2014-10-23 20:02:37'
System info: host: 'Rahul-2.local', ip: '192.168.0.9', os.name: 'Mac OS X', os.arch: 'x86_64', os.version: '10.10', java.version: '1.7.0_67'
Driver info: driver.version: RemoteWebDriver
	at org.openqa.selenium.remote.RemoteWebDriver.execute(RemoteWebDriver.java:593)
	at org.openqa.selenium.remote.RemoteWebDriver.startSession(RemoteWebDriver.java:240)
	at org.openqa.selenium.remote.RemoteWebDriver.<init>(RemoteWebDriver.java:126)
	at org.openqa.selenium.remote.RemoteWebDriver.<init>(RemoteWebDriver.java:153)
	at com.auction.init.SeleniumInit.setUp(SeleniumInit.java:176)
	at sun.reflect.NativeMethodAccessorImpl.invoke0(Native Method)
	at sun.reflect.NativeMethodAccessorImpl.invoke(NativeMethodAccessorImpl.java:57)
	at sun.reflect.DelegatingMethodAccessorImpl.invoke(DelegatingMethodAccessorImpl.java:43)
	at java.lang.reflect.Method.invoke(Method.java:606)
	at org.testng.internal.MethodInvocationHelper.invokeMethod(MethodInvocationHelper.java:84)
	at org.testng.internal.Invoker.invokeConfigurationMethod(Invoker.java:564)
	at org.testng.internal.Invoker.invokeConfigurations(Invoker.java:213)
	at org.testng.internal.Invoker.invokeMethod(Invoker.java:653)
	at org.testng.internal.Invoker.invokeTestMethod(Invoker.java:901)
	at org.testng.internal.Invoker.invokeTestMethods(Invoker.java:1231)
	at org.testng.internal.TestMethodWorker.invokeTestMethods(TestMethodWorker.java:127)
	at org.testng.internal.TestMethodWorker.run(TestMethodWorker.java:111)
	at org.testng.TestRunner.privateRun(TestRunner.java:767)
	at org.testng.TestRunner.run(TestRunner.java:617)
	at org.testng.SuiteRunner.runTest(SuiteRunner.java:334)
	at org.testng.SuiteRunner.access$000(SuiteRunner.java:37)
	at org.testng.SuiteRunner$SuiteWorker.run(SuiteRunner.java:368)
	at org.testng.internal.thread.ThreadUtil$2.call(ThreadUtil.java:64)
	at java.util.concurrent.FutureTask.run(FutureTask.java:262)
	at java.util.concurrent.ThreadPoolExecutor.runWorker(ThreadPoolExecutor.java:1145)
	at java.util.concurrent.ThreadPoolExecutor$Worker.run(ThreadPoolExecutor.java:615)
	at java.lang.Thread.run(Thread.java:745)
Caused by: org.apache.http.conn.HttpHostConnectException: Connect to localhost:4444 [localhost/127.0.0.1, localhost/0:0:0:0:0:0:0:1, localhost/fe80:0:0:0:0:0:0:1%1] failed: Connection refused
	at org.apache.http.impl.conn.HttpClientConnectionOperator.connect(HttpClientConnectionOperator.java:140)
	at org.apache.http.impl.conn.PoolingHttpClientConnectionManager.connect(PoolingHttpClientConnectionManager.java:318)
	at org.apache.http.impl.execchain.MainClientExec.establishRoute(MainClientExec.java:363)
	at org.apache.http.impl.execchain.MainClientExec.execute(MainClientExec.java:219)
	at org.apache.http.impl.execchain.ProtocolExec.execute(ProtocolExec.java:195)
	at org.apache.http.impl.execchain.RetryExec.execute(RetryExec.java:86)
	at org.apache.http.impl.execchain.RedirectExec.execute(RedirectExec.java:108)
	at org.apache.http.impl.client.InternalHttpClient.doExecute(InternalHttpClient.java:184)
	at org.apache.http.impl.client.CloseableHttpClient.execute(CloseableHttpClient.java:72)
	at org.apache.http.impl.client.CloseableHttpClient.execute(CloseableHttpClient.java:57)
	at org.openqa.selenium.remote.HttpCommandExecutor.fallBackExecute(HttpCommandExecutor.java:215)
	at org.openqa.selenium.remote.HttpCommandExecutor.execute(HttpCommandExecutor.java:184)
	at org.openqa.selenium.remote.RemoteWebDriver.execute(RemoteWebDriver.java:572)
	... 26 more
Caused by: java.net.ConnectException: Connection refused
	at java.net.PlainSocketImpl.socketConnect(Native Method)
	at java.net.AbstractPlainSocketImpl.doConnect(AbstractPlainSocketImpl.java:339)
	at java.net.AbstractPlainSocketImpl.connectToAddress(AbstractPlainSocketImpl.java:200)
	at java.net.AbstractPlainSocketImpl.connect(AbstractPlainSocketImpl.java:182)
	at java.net.SocksSocketImpl.connect(SocksSocketImpl.java:392)
	at java.net.Socket.connect(Socket.java:579)
	at org.apache.http.conn.socket.PlainConnectionSocketFactory.connectSocket(PlainConnectionSocketFactory.java:72)
	at org.apache.http.impl.conn.HttpClientConnectionOperator.connect(HttpClientConnectionOperator.java:123)
	... 38 more
]]>
            </full-stacktrace>
          </exception> <!-- org.openqa.selenium.remote.UnreachableBrowserException -->
          <reporter-output>
          </reporter-output>
        </test-method> <!-- setUp -->
        <test-method status="SKIP" signature="regularSignupConfirmationIsNotChecked(java.lang.String, java.lang.String)[pri:0, instance:com.auction.verifications.Index@15b39190]" name="regularSignupConfirmationIsNotChecked" duration-ms="1" started-at="2014-11-26T19:55:47Z" data-provider="regularsignup" finished-at="2014-11-26T19:55:47Z">
          <params>
            <param index="0">
              <value>
                <![CDATA[admin]]>
              </value>
            </param>
            <param index="1">
              <value>
                <![CDATA[123123]]>
              </value>
            </param>
          </params>
          <reporter-output>
            <line>
              <![CDATA[<br> <b>Please look to the screenshot - </b>]]>
            </line>
          </reporter-output>
        </test-method> <!-- regularSignupConfirmationIsNotChecked -->
        <test-method status="PASS" signature="tearDown(org.testng.ITestResult)[pri:0, instance:com.auction.verifications.Index@15b39190]" name="tearDown" is-config="true" duration-ms="0" started-at="2014-11-26T19:55:47Z" finished-at="2014-11-26T19:55:47Z">
          <params>
            <param index="0">
              <value>
                <![CDATA[[TestResult name=regularSignupConfirmationIsNotChecked status=SKIP method=Index.regularSignupConfirmationIsNotChecked(java.lang.String, java.lang.String)[pri:0, instance:com.auction.verifications.Index@15b39190] output=<br> <b>Please look to the screenshot - </b>]]]>
              </value>
            </param>
          </params>
          <reporter-output>
          </reporter-output>
        </test-method> <!-- tearDown -->
      </class> <!-- com.auction.verifications.Index -->
    </test> <!-- Selenium  Regular SignUp Confirmation Is Not Checked -->
    <test name="Selenium  Regular SignUp With Billing Info Mandatory" duration-ms="17" started-at="2014-11-26T14:25:47Z" finished-at="2014-11-26T14:25:47Z">
      <class name="com.auction.verifications.Index">
        <test-method status="PASS" signature="fetchSuiteConfiguration(org.testng.ITestContext)[pri:0, instance:com.auction.verifications.Index@7cd3f7a0]" name="fetchSuiteConfiguration" is-config="true" duration-ms="0" started-at="2014-11-26T19:55:47Z" finished-at="2014-11-26T19:55:47Z">
          <params>
            <param index="0">
              <value>
                <![CDATA[org.testng.TestRunner@5b7be7d8]]>
              </value>
            </param>
          </params>
          <reporter-output>
          </reporter-output>
        </test-method> <!-- fetchSuiteConfiguration -->
        <test-method status="FAIL" signature="setUp(java.lang.reflect.Method)[pri:0, instance:com.auction.verifications.Index@7cd3f7a0]" name="setUp" is-config="true" duration-ms="0" started-at="2014-11-26T19:55:47Z" finished-at="2014-11-26T19:55:47Z">
          <params>
            <param index="0">
              <value>
                <![CDATA[public void com.auction.verifications.Index.regularSignupWithBillingInfoMandatory(java.lang.String,java.lang.String) throws java.lang.InterruptedException,java.awt.AWTException,java.text.ParseException]]>
              </value>
            </param>
          </params>
          <exception class="org.openqa.selenium.remote.UnreachableBrowserException">
            <message>
              <![CDATA[Could not start a new session. Possible causes are invalid address of the remote server or browser start-up failure.
Build info: version: '2.44.0', revision: '76d78cf', time: '2014-10-23 20:02:37'
System info: host: 'Rahul-2.local', ip: '192.168.0.9', os.name: 'Mac OS X', os.arch: 'x86_64', os.version: '10.10', java.version: '1.7.0_67'
Driver info: driver.version: RemoteWebDriver]]>
            </message>
            <full-stacktrace>
              <![CDATA[org.openqa.selenium.remote.UnreachableBrowserException: Could not start a new session. Possible causes are invalid address of the remote server or browser start-up failure.
Build info: version: '2.44.0', revision: '76d78cf', time: '2014-10-23 20:02:37'
System info: host: 'Rahul-2.local', ip: '192.168.0.9', os.name: 'Mac OS X', os.arch: 'x86_64', os.version: '10.10', java.version: '1.7.0_67'
Driver info: driver.version: RemoteWebDriver
	at org.openqa.selenium.remote.RemoteWebDriver.execute(RemoteWebDriver.java:593)
	at org.openqa.selenium.remote.RemoteWebDriver.startSession(RemoteWebDriver.java:240)
	at org.openqa.selenium.remote.RemoteWebDriver.<init>(RemoteWebDriver.java:126)
	at org.openqa.selenium.remote.RemoteWebDriver.<init>(RemoteWebDriver.java:153)
	at com.auction.init.SeleniumInit.setUp(SeleniumInit.java:176)
	at sun.reflect.NativeMethodAccessorImpl.invoke0(Native Method)
	at sun.reflect.NativeMethodAccessorImpl.invoke(NativeMethodAccessorImpl.java:57)
	at sun.reflect.DelegatingMethodAccessorImpl.invoke(DelegatingMethodAccessorImpl.java:43)
	at java.lang.reflect.Method.invoke(Method.java:606)
	at org.testng.internal.MethodInvocationHelper.invokeMethod(MethodInvocationHelper.java:84)
	at org.testng.internal.Invoker.invokeConfigurationMethod(Invoker.java:564)
	at org.testng.internal.Invoker.invokeConfigurations(Invoker.java:213)
	at org.testng.internal.Invoker.invokeMethod(Invoker.java:653)
	at org.testng.internal.Invoker.invokeTestMethod(Invoker.java:901)
	at org.testng.internal.Invoker.invokeTestMethods(Invoker.java:1231)
	at org.testng.internal.TestMethodWorker.invokeTestMethods(TestMethodWorker.java:127)
	at org.testng.internal.TestMethodWorker.run(TestMethodWorker.java:111)
	at org.testng.TestRunner.privateRun(TestRunner.java:767)
	at org.testng.TestRunner.run(TestRunner.java:617)
	at org.testng.SuiteRunner.runTest(SuiteRunner.java:334)
	at org.testng.SuiteRunner.access$000(SuiteRunner.java:37)
	at org.testng.SuiteRunner$SuiteWorker.run(SuiteRunner.java:368)
	at org.testng.internal.thread.ThreadUtil$2.call(ThreadUtil.java:64)
	at java.util.concurrent.FutureTask.run(FutureTask.java:262)
	at java.util.concurrent.ThreadPoolExecutor.runWorker(ThreadPoolExecutor.java:1145)
	at java.util.concurrent.ThreadPoolExecutor$Worker.run(ThreadPoolExecutor.java:615)
	at java.lang.Thread.run(Thread.java:745)
Caused by: org.apache.http.conn.HttpHostConnectException: Connect to localhost:4444 [localhost/127.0.0.1, localhost/0:0:0:0:0:0:0:1, localhost/fe80:0:0:0:0:0:0:1%1] failed: Connection refused
	at org.apache.http.impl.conn.HttpClientConnectionOperator.connect(HttpClientConnectionOperator.java:140)
	at org.apache.http.impl.conn.PoolingHttpClientConnectionManager.connect(PoolingHttpClientConnectionManager.java:318)
	at org.apache.http.impl.execchain.MainClientExec.establishRoute(MainClientExec.java:363)
	at org.apache.http.impl.execchain.MainClientExec.execute(MainClientExec.java:219)
	at org.apache.http.impl.execchain.ProtocolExec.execute(ProtocolExec.java:195)
	at org.apache.http.impl.execchain.RetryExec.execute(RetryExec.java:86)
	at org.apache.http.impl.execchain.RedirectExec.execute(RedirectExec.java:108)
	at org.apache.http.impl.client.InternalHttpClient.doExecute(InternalHttpClient.java:184)
	at org.apache.http.impl.client.CloseableHttpClient.execute(CloseableHttpClient.java:72)
	at org.apache.http.impl.client.CloseableHttpClient.execute(CloseableHttpClient.java:57)
	at org.openqa.selenium.remote.HttpCommandExecutor.fallBackExecute(HttpCommandExecutor.java:215)
	at org.openqa.selenium.remote.HttpCommandExecutor.execute(HttpCommandExecutor.java:184)
	at org.openqa.selenium.remote.RemoteWebDriver.execute(RemoteWebDriver.java:572)
	... 26 more
Caused by: java.net.ConnectException: Connection refused
	at java.net.PlainSocketImpl.socketConnect(Native Method)
	at java.net.AbstractPlainSocketImpl.doConnect(AbstractPlainSocketImpl.java:339)
	at java.net.AbstractPlainSocketImpl.connectToAddress(AbstractPlainSocketImpl.java:200)
	at java.net.AbstractPlainSocketImpl.connect(AbstractPlainSocketImpl.java:182)
	at java.net.SocksSocketImpl.connect(SocksSocketImpl.java:392)
	at java.net.Socket.connect(Socket.java:579)
	at org.apache.http.conn.socket.PlainConnectionSocketFactory.connectSocket(PlainConnectionSocketFactory.java:72)
	at org.apache.http.impl.conn.HttpClientConnectionOperator.connect(HttpClientConnectionOperator.java:123)
	... 38 more
]]>
            </full-stacktrace>
          </exception> <!-- org.openqa.selenium.remote.UnreachableBrowserException -->
          <reporter-output>
          </reporter-output>
        </test-method> <!-- setUp -->
        <test-method status="PASS" signature="tearDown(org.testng.ITestResult)[pri:0, instance:com.auction.verifications.Index@7cd3f7a0]" name="tearDown" is-config="true" duration-ms="1" started-at="2014-11-26T19:55:47Z" finished-at="2014-11-26T19:55:47Z">
          <params>
            <param index="0">
              <value>
                <![CDATA[[TestResult name=regularSignupWithBillingInfoMandatory status=SKIP method=Index.regularSignupWithBillingInfoMandatory(java.lang.String, java.lang.String)[pri:0, instance:com.auction.verifications.Index@7cd3f7a0] output=<br> <b>Please look to the screenshot - </b>]]]>
              </value>
            </param>
          </params>
          <reporter-output>
          </reporter-output>
        </test-method> <!-- tearDown -->
        <test-method status="SKIP" signature="regularSignupWithBillingInfoMandatory(java.lang.String, java.lang.String)[pri:0, instance:com.auction.verifications.Index@7cd3f7a0]" name="regularSignupWithBillingInfoMandatory" duration-ms="0" started-at="2014-11-26T19:55:47Z" data-provider="regularsignup" finished-at="2014-11-26T19:55:47Z">
          <params>
            <param index="0">
              <value>
                <![CDATA[admin]]>
              </value>
            </param>
            <param index="1">
              <value>
                <![CDATA[123123]]>
              </value>
            </param>
          </params>
          <reporter-output>
            <line>
              <![CDATA[<br> <b>Please look to the screenshot - </b>]]>
            </line>
          </reporter-output>
        </test-method> <!-- regularSignupWithBillingInfoMandatory -->
      </class> <!-- com.auction.verifications.Index -->
    </test> <!-- Selenium  Regular SignUp With Billing Info Mandatory -->
    <test name="Selenium  Regular SignUp With CC Info Mandatory" duration-ms="37" started-at="2014-11-26T14:25:47Z" finished-at="2014-11-26T14:25:47Z">
      <class name="com.auction.verifications.Index">
        <test-method status="PASS" signature="fetchSuiteConfiguration(org.testng.ITestContext)[pri:0, instance:com.auction.verifications.Index@64e21817]" name="fetchSuiteConfiguration" is-config="true" duration-ms="1" started-at="2014-11-26T19:55:47Z" finished-at="2014-11-26T19:55:47Z">
          <params>
            <param index="0">
              <value>
                <![CDATA[org.testng.TestRunner@23b244d4]]>
              </value>
            </param>
          </params>
          <reporter-output>
          </reporter-output>
        </test-method> <!-- fetchSuiteConfiguration -->
        <test-method status="FAIL" signature="setUp(java.lang.reflect.Method)[pri:0, instance:com.auction.verifications.Index@64e21817]" name="setUp" is-config="true" duration-ms="0" started-at="2014-11-26T19:55:47Z" finished-at="2014-11-26T19:55:47Z">
          <params>
            <param index="0">
              <value>
                <![CDATA[public void com.auction.verifications.Index.regularSignupWithCCInfoMandatory(java.lang.String,java.lang.String) throws java.lang.InterruptedException,java.awt.AWTException,java.text.ParseException]]>
              </value>
            </param>
          </params>
          <exception class="org.openqa.selenium.remote.UnreachableBrowserException">
            <message>
              <![CDATA[Could not start a new session. Possible causes are invalid address of the remote server or browser start-up failure.
Build info: version: '2.44.0', revision: '76d78cf', time: '2014-10-23 20:02:37'
System info: host: 'Rahul-2.local', ip: '192.168.0.9', os.name: 'Mac OS X', os.arch: 'x86_64', os.version: '10.10', java.version: '1.7.0_67'
Driver info: driver.version: RemoteWebDriver]]>
            </message>
            <full-stacktrace>
              <![CDATA[org.openqa.selenium.remote.UnreachableBrowserException: Could not start a new session. Possible causes are invalid address of the remote server or browser start-up failure.
Build info: version: '2.44.0', revision: '76d78cf', time: '2014-10-23 20:02:37'
System info: host: 'Rahul-2.local', ip: '192.168.0.9', os.name: 'Mac OS X', os.arch: 'x86_64', os.version: '10.10', java.version: '1.7.0_67'
Driver info: driver.version: RemoteWebDriver
	at org.openqa.selenium.remote.RemoteWebDriver.execute(RemoteWebDriver.java:593)
	at org.openqa.selenium.remote.RemoteWebDriver.startSession(RemoteWebDriver.java:240)
	at org.openqa.selenium.remote.RemoteWebDriver.<init>(RemoteWebDriver.java:126)
	at org.openqa.selenium.remote.RemoteWebDriver.<init>(RemoteWebDriver.java:153)
	at com.auction.init.SeleniumInit.setUp(SeleniumInit.java:176)
	at sun.reflect.NativeMethodAccessorImpl.invoke0(Native Method)
	at sun.reflect.NativeMethodAccessorImpl.invoke(NativeMethodAccessorImpl.java:57)
	at sun.reflect.DelegatingMethodAccessorImpl.invoke(DelegatingMethodAccessorImpl.java:43)
	at java.lang.reflect.Method.invoke(Method.java:606)
	at org.testng.internal.MethodInvocationHelper.invokeMethod(MethodInvocationHelper.java:84)
	at org.testng.internal.Invoker.invokeConfigurationMethod(Invoker.java:564)
	at org.testng.internal.Invoker.invokeConfigurations(Invoker.java:213)
	at org.testng.internal.Invoker.invokeMethod(Invoker.java:653)
	at org.testng.internal.Invoker.invokeTestMethod(Invoker.java:901)
	at org.testng.internal.Invoker.invokeTestMethods(Invoker.java:1231)
	at org.testng.internal.TestMethodWorker.invokeTestMethods(TestMethodWorker.java:127)
	at org.testng.internal.TestMethodWorker.run(TestMethodWorker.java:111)
	at org.testng.TestRunner.privateRun(TestRunner.java:767)
	at org.testng.TestRunner.run(TestRunner.java:617)
	at org.testng.SuiteRunner.runTest(SuiteRunner.java:334)
	at org.testng.SuiteRunner.access$000(SuiteRunner.java:37)
	at org.testng.SuiteRunner$SuiteWorker.run(SuiteRunner.java:368)
	at org.testng.internal.thread.ThreadUtil$2.call(ThreadUtil.java:64)
	at java.util.concurrent.FutureTask.run(FutureTask.java:262)
	at java.util.concurrent.ThreadPoolExecutor.runWorker(ThreadPoolExecutor.java:1145)
	at java.util.concurrent.ThreadPoolExecutor$Worker.run(ThreadPoolExecutor.java:615)
	at java.lang.Thread.run(Thread.java:745)
Caused by: org.apache.http.conn.HttpHostConnectException: Connect to localhost:4444 [localhost/127.0.0.1, localhost/0:0:0:0:0:0:0:1, localhost/fe80:0:0:0:0:0:0:1%1] failed: Connection refused
	at org.apache.http.impl.conn.HttpClientConnectionOperator.connect(HttpClientConnectionOperator.java:140)
	at org.apache.http.impl.conn.PoolingHttpClientConnectionManager.connect(PoolingHttpClientConnectionManager.java:318)
	at org.apache.http.impl.execchain.MainClientExec.establishRoute(MainClientExec.java:363)
	at org.apache.http.impl.execchain.MainClientExec.execute(MainClientExec.java:219)
	at org.apache.http.impl.execchain.ProtocolExec.execute(ProtocolExec.java:195)
	at org.apache.http.impl.execchain.RetryExec.execute(RetryExec.java:86)
	at org.apache.http.impl.execchain.RedirectExec.execute(RedirectExec.java:108)
	at org.apache.http.impl.client.InternalHttpClient.doExecute(InternalHttpClient.java:184)
	at org.apache.http.impl.client.CloseableHttpClient.execute(CloseableHttpClient.java:72)
	at org.apache.http.impl.client.CloseableHttpClient.execute(CloseableHttpClient.java:57)
	at org.openqa.selenium.remote.HttpCommandExecutor.fallBackExecute(HttpCommandExecutor.java:215)
	at org.openqa.selenium.remote.HttpCommandExecutor.execute(HttpCommandExecutor.java:184)
	at org.openqa.selenium.remote.RemoteWebDriver.execute(RemoteWebDriver.java:572)
	... 26 more
Caused by: java.net.ConnectException: Connection refused
	at java.net.PlainSocketImpl.socketConnect(Native Method)
	at java.net.AbstractPlainSocketImpl.doConnect(AbstractPlainSocketImpl.java:339)
	at java.net.AbstractPlainSocketImpl.connectToAddress(AbstractPlainSocketImpl.java:200)
	at java.net.AbstractPlainSocketImpl.connect(AbstractPlainSocketImpl.java:182)
	at java.net.SocksSocketImpl.connect(SocksSocketImpl.java:392)
	at java.net.Socket.connect(Socket.java:579)
	at org.apache.http.conn.socket.PlainConnectionSocketFactory.connectSocket(PlainConnectionSocketFactory.java:72)
	at org.apache.http.impl.conn.HttpClientConnectionOperator.connect(HttpClientConnectionOperator.java:123)
	... 38 more
]]>
            </full-stacktrace>
          </exception> <!-- org.openqa.selenium.remote.UnreachableBrowserException -->
          <reporter-output>
          </reporter-output>
        </test-method> <!-- setUp -->
        <test-method status="SKIP" signature="regularSignupWithCCInfoMandatory(java.lang.String, java.lang.String)[pri:0, instance:com.auction.verifications.Index@64e21817]" name="regularSignupWithCCInfoMandatory" duration-ms="1" started-at="2014-11-26T19:55:47Z" data-provider="regularsignup" finished-at="2014-11-26T19:55:47Z">
          <params>
            <param index="0">
              <value>
                <![CDATA[admin]]>
              </value>
            </param>
            <param index="1">
              <value>
                <![CDATA[123123]]>
              </value>
            </param>
          </params>
          <reporter-output>
            <line>
              <![CDATA[<br> <b>Please look to the screenshot - </b>]]>
            </line>
          </reporter-output>
        </test-method> <!-- regularSignupWithCCInfoMandatory -->
        <test-method status="PASS" signature="tearDown(org.testng.ITestResult)[pri:0, instance:com.auction.verifications.Index@64e21817]" name="tearDown" is-config="true" duration-ms="1" started-at="2014-11-26T19:55:47Z" finished-at="2014-11-26T19:55:47Z">
          <params>
            <param index="0">
              <value>
                <![CDATA[[TestResult name=regularSignupWithCCInfoMandatory status=SKIP method=Index.regularSignupWithCCInfoMandatory(java.lang.String, java.lang.String)[pri:0, instance:com.auction.verifications.Index@64e21817] output=<br> <b>Please look to the screenshot - </b>]]]>
              </value>
            </param>
          </params>
          <reporter-output>
          </reporter-output>
        </test-method> <!-- tearDown -->
      </class> <!-- com.auction.verifications.Index -->
    </test> <!-- Selenium  Regular SignUp With CC Info Mandatory -->
    <test name="Selenium  Regular SignUp With ACH Info Mandatory" duration-ms="46" started-at="2014-11-26T14:25:47Z" finished-at="2014-11-26T14:25:47Z">
      <class name="com.auction.verifications.Index">
        <test-method status="PASS" signature="fetchSuiteConfiguration(org.testng.ITestContext)[pri:0, instance:com.auction.verifications.Index@365ce20]" name="fetchSuiteConfiguration" is-config="true" duration-ms="1" started-at="2014-11-26T19:55:47Z" finished-at="2014-11-26T19:55:47Z">
          <params>
            <param index="0">
              <value>
                <![CDATA[org.testng.TestRunner@cc4cc9b]]>
              </value>
            </param>
          </params>
          <reporter-output>
          </reporter-output>
        </test-method> <!-- fetchSuiteConfiguration -->
        <test-method status="FAIL" signature="setUp(java.lang.reflect.Method)[pri:0, instance:com.auction.verifications.Index@365ce20]" name="setUp" is-config="true" duration-ms="0" started-at="2014-11-26T19:55:47Z" finished-at="2014-11-26T19:55:47Z">
          <params>
            <param index="0">
              <value>
                <![CDATA[public void com.auction.verifications.Index.regularSignupWithACHInfoMandatory(java.lang.String,java.lang.String) throws java.lang.InterruptedException,java.awt.AWTException,java.text.ParseException]]>
              </value>
            </param>
          </params>
          <exception class="org.openqa.selenium.remote.UnreachableBrowserException">
            <message>
              <![CDATA[Could not start a new session. Possible causes are invalid address of the remote server or browser start-up failure.
Build info: version: '2.44.0', revision: '76d78cf', time: '2014-10-23 20:02:37'
System info: host: 'Rahul-2.local', ip: '192.168.0.9', os.name: 'Mac OS X', os.arch: 'x86_64', os.version: '10.10', java.version: '1.7.0_67'
Driver info: driver.version: RemoteWebDriver]]>
            </message>
            <full-stacktrace>
              <![CDATA[org.openqa.selenium.remote.UnreachableBrowserException: Could not start a new session. Possible causes are invalid address of the remote server or browser start-up failure.
Build info: version: '2.44.0', revision: '76d78cf', time: '2014-10-23 20:02:37'
System info: host: 'Rahul-2.local', ip: '192.168.0.9', os.name: 'Mac OS X', os.arch: 'x86_64', os.version: '10.10', java.version: '1.7.0_67'
Driver info: driver.version: RemoteWebDriver
	at org.openqa.selenium.remote.RemoteWebDriver.execute(RemoteWebDriver.java:593)
	at org.openqa.selenium.remote.RemoteWebDriver.startSession(RemoteWebDriver.java:240)
	at org.openqa.selenium.remote.RemoteWebDriver.<init>(RemoteWebDriver.java:126)
	at org.openqa.selenium.remote.RemoteWebDriver.<init>(RemoteWebDriver.java:153)
	at com.auction.init.SeleniumInit.setUp(SeleniumInit.java:176)
	at sun.reflect.NativeMethodAccessorImpl.invoke0(Native Method)
	at sun.reflect.NativeMethodAccessorImpl.invoke(NativeMethodAccessorImpl.java:57)
	at sun.reflect.DelegatingMethodAccessorImpl.invoke(DelegatingMethodAccessorImpl.java:43)
	at java.lang.reflect.Method.invoke(Method.java:606)
	at org.testng.internal.MethodInvocationHelper.invokeMethod(MethodInvocationHelper.java:84)
	at org.testng.internal.Invoker.invokeConfigurationMethod(Invoker.java:564)
	at org.testng.internal.Invoker.invokeConfigurations(Invoker.java:213)
	at org.testng.internal.Invoker.invokeMethod(Invoker.java:653)
	at org.testng.internal.Invoker.invokeTestMethod(Invoker.java:901)
	at org.testng.internal.Invoker.invokeTestMethods(Invoker.java:1231)
	at org.testng.internal.TestMethodWorker.invokeTestMethods(TestMethodWorker.java:127)
	at org.testng.internal.TestMethodWorker.run(TestMethodWorker.java:111)
	at org.testng.TestRunner.privateRun(TestRunner.java:767)
	at org.testng.TestRunner.run(TestRunner.java:617)
	at org.testng.SuiteRunner.runTest(SuiteRunner.java:334)
	at org.testng.SuiteRunner.access$000(SuiteRunner.java:37)
	at org.testng.SuiteRunner$SuiteWorker.run(SuiteRunner.java:368)
	at org.testng.internal.thread.ThreadUtil$2.call(ThreadUtil.java:64)
	at java.util.concurrent.FutureTask.run(FutureTask.java:262)
	at java.util.concurrent.ThreadPoolExecutor.runWorker(ThreadPoolExecutor.java:1145)
	at java.util.concurrent.ThreadPoolExecutor$Worker.run(ThreadPoolExecutor.java:615)
	at java.lang.Thread.run(Thread.java:745)
Caused by: org.apache.http.conn.HttpHostConnectException: Connect to localhost:4444 [localhost/127.0.0.1, localhost/0:0:0:0:0:0:0:1, localhost/fe80:0:0:0:0:0:0:1%1] failed: Connection refused
	at org.apache.http.impl.conn.HttpClientConnectionOperator.connect(HttpClientConnectionOperator.java:140)
	at org.apache.http.impl.conn.PoolingHttpClientConnectionManager.connect(PoolingHttpClientConnectionManager.java:318)
	at org.apache.http.impl.execchain.MainClientExec.establishRoute(MainClientExec.java:363)
	at org.apache.http.impl.execchain.MainClientExec.execute(MainClientExec.java:219)
[...]
          <params>
            <param index="0">
              <value>
                <![CDATA[[TestResult name=regularSignupWithRequireCreditCardOnSignUpWithRequireCreditCardActiveOnRegistrationNoneAmountWithCorrectCC status=SKIP method=Index.regularSignupWithRequireCreditCardOnSignUpWithRequireCreditCardActiveOnRegistrationNoneAmountWithCorrectCC(java.lang.String, java.lang.String)[pri:0, instance:com.auction.verifications.Index@642052de] output=<br> <b>Please look to the screenshot - </b>]]]>
              </value>
            </param>
          </params>
          <reporter-output>
          </reporter-output>
        </test-method> <!-- tearDown -->
      </class> <!-- com.auction.verifications.Index -->
    </test> <!-- Selenium  Regular SignUp With same settings as for test 1.1 (regular signup) with require credit card on signup active on registration None amount 10 expires 0 use Correct cc -->
    <test name="Selenium  Regular SignUp With same settings as for test 1.1 (regular signup) with require credit card on signup active on registration And Verify Require CC on Signup Becomes automatically checked" duration-ms="14" started-at="2014-11-26T14:25:50Z" finished-at="2014-11-26T14:25:50Z">
      <class name="com.auction.verifications.Index">
        <test-method status="PASS" signature="fetchSuiteConfiguration(org.testng.ITestContext)[pri:0, instance:com.auction.verifications.Index@4048ec32]" name="fetchSuiteConfiguration" is-config="true" duration-ms="0" started-at="2014-11-26T19:55:50Z" finished-at="2014-11-26T19:55:50Z">
          <params>
            <param index="0">
              <value>
                <![CDATA[org.testng.TestRunner@7dd9dae1]]>
              </value>
            </param>
          </params>
          <reporter-output>
          </reporter-output>
        </test-method> <!-- fetchSuiteConfiguration -->
        <test-method status="FAIL" signature="setUp(java.lang.reflect.Method)[pri:0, instance:com.auction.verifications.Index@4048ec32]" name="setUp" is-config="true" duration-ms="0" started-at="2014-11-26T19:55:50Z" finished-at="2014-11-26T19:55:50Z">
          <params>
            <param index="0">
              <value>
                <![CDATA[public void com.auction.verifications.Index.regularSignupWithRequireCreditCardOnSignUpWithRequireCreditCardActiveOnRegistrationAndVerifyRequireCCOnSignUpBecomesAutomaticallyChecked(java.lang.String,java.lang.String) throws java.lang.InterruptedException,java.awt.AWTException,java.text.ParseException]]>
              </value>
            </param>
          </params>
          <exception class="org.openqa.selenium.remote.UnreachableBrowserException">
            <message>
              <![CDATA[Could not start a new session. Possible causes are invalid address of the remote server or browser start-up failure.
Build info: version: '2.44.0', revision: '76d78cf', time: '2014-10-23 20:02:37'
System info: host: 'Rahul-2.local', ip: '192.168.0.9', os.name: 'Mac OS X', os.arch: 'x86_64', os.version: '10.10', java.version: '1.7.0_67'
Driver info: driver.version: RemoteWebDriver]]>
            </message>
            <full-stacktrace>
              <![CDATA[org.openqa.selenium.remote.UnreachableBrowserException: Could not start a new session. Possible causes are invalid address of the remote server or browser start-up failure.
Build info: version: '2.44.0', revision: '76d78cf', time: '2014-10-23 20:02:37'
System info: host: 'Rahul-2.local', ip: '192.168.0.9', os.name: 'Mac OS X', os.arch: 'x86_64', os.version: '10.10', java.version: '1.7.0_67'
Driver info: driver.version: RemoteWebDriver
	at org.openqa.selenium.remote.RemoteWebDriver.execute(RemoteWebDriver.java:593)
	at org.openqa.selenium.remote.RemoteWebDriver.startSession(RemoteWebDriver.java:240)
	at org.openqa.selenium.remote.RemoteWebDriver.<init>(RemoteWebDriver.java:126)
	at org.openqa.selenium.remote.RemoteWebDriver.<init>(RemoteWebDriver.java:153)
	at com.auction.init.SeleniumInit.setUp(SeleniumInit.java:176)
	at sun.reflect.GeneratedMethodAccessor3.invoke(Unknown Source)
	at sun.reflect.DelegatingMethodAccessorImpl.invoke(DelegatingMethodAccessorImpl.java:43)
	at java.lang.reflect.Method.invoke(Method.java:606)
	at org.testng.internal.MethodInvocationHelper.invokeMethod(MethodInvocationHelper.java:84)
	at org.testng.internal.Invoker.invokeConfigurationMethod(Invoker.java:564)
	at org.testng.internal.Invoker.invokeConfigurations(Invoker.java:213)
	at org.testng.internal.Invoker.invokeMethod(Invoker.java:653)
	at org.testng.internal.Invoker.invokeTestMethod(Invoker.java:901)
	at org.testng.internal.Invoker.invokeTestMethods(Invoker.java:1231)
	at org.testng.internal.TestMethodWorker.invokeTestMethods(TestMethodWorker.java:127)
	at org.testng.internal.TestMethodWorker.run(TestMethodWorker.java:111)
	at org.testng.TestRunner.privateRun(TestRunner.java:767)
	at org.testng.TestRunner.run(TestRunner.java:617)
	at org.testng.SuiteRunner.runTest(SuiteRunner.java:334)
	at org.testng.SuiteRunner.access$000(SuiteRunner.java:37)
	at org.testng.SuiteRunner$SuiteWorker.run(SuiteRunner.java:368)
	at org.testng.internal.thread.ThreadUtil$2.call(ThreadUtil.java:64)
	at java.util.concurrent.FutureTask.run(FutureTask.java:262)
	at java.util.concurrent.ThreadPoolExecutor.runWorker(ThreadPoolExecutor.java:1145)
	at java.util.concurrent.ThreadPoolExecutor$Worker.run(ThreadPoolExecutor.java:615)
	at java.lang.Thread.run(Thread.java:745)
Caused by: org.apache.http.conn.HttpHostConnectException: Connect to localhost:4444 [localhost/127.0.0.1, localhost/0:0:0:0:0:0:0:1, localhost/fe80:0:0:0:0:0:0:1%1] failed: Connection refused
	at org.apache.http.impl.conn.HttpClientConnectionOperator.connect(HttpClientConnectionOperator.java:140)
	at org.apache.http.impl.conn.PoolingHttpClientConnectionManager.connect(PoolingHttpClientConnectionManager.java:318)
	at org.apache.http.impl.execchain.MainClientExec.establishRoute(MainClientExec.java:363)
	at org.apache.http.impl.execchain.MainClientExec.execute(MainClientExec.java:219)
	at org.apache.http.impl.execchain.ProtocolExec.execute(ProtocolExec.java:195)
	at org.apache.http.impl.execchain.RetryExec.execute(RetryExec.java:86)
	at org.apache.http.impl.execchain.RedirectExec.execute(RedirectExec.java:108)
	at org.apache.http.impl.client.InternalHttpClient.doExecute(InternalHttpClient.java:184)
	at org.apache.http.impl.client.CloseableHttpClient.execute(CloseableHttpClient.java:72)
	at org.apache.http.impl.client.CloseableHttpClient.execute(CloseableHttpClient.java:57)
	at org.openqa.selenium.remote.HttpCommandExecutor.fallBackExecute(HttpCommandExecutor.java:215)
	at org.openqa.selenium.remote.HttpCommandExecutor.execute(HttpCommandExecutor.java:184)
	at org.openqa.selenium.remote.RemoteWebDriver.execute(RemoteWebDriver.java:572)
	... 25 more
Caused by: java.net.ConnectException: Connection refused
	at java.net.PlainSocketImpl.socketConnect(Native Method)
	at java.net.AbstractPlainSocketImpl.doConnect(AbstractPlainSocketImpl.java:339)
	at java.net.AbstractPlainSocketImpl.connectToAddress(AbstractPlainSocketImpl.java:200)
	at java.net.AbstractPlainSocketImpl.connect(AbstractPlainSocketImpl.java:182)
	at java.net.SocksSocketImpl.connect(SocksSocketImpl.java:392)
	at java.net.Socket.connect(Socket.java:579)
	at org.apache.http.conn.socket.PlainConnectionSocketFactory.connectSocket(PlainConnectionSocketFactory.java:72)
	at org.apache.http.impl.conn.HttpClientConnectionOperator.connect(HttpClientConnectionOperator.java:123)
	... 37 more
]]>
            </full-stacktrace>
          </exception> <!-- org.openqa.selenium.remote.UnreachableBrowserException -->
          <reporter-output>
          </reporter-output>
        </test-method> <!-- setUp -->
        <test-method status="SKIP" signature="regularSignupWithRequireCreditCardOnSignUpWithRequireCreditCardActiveOnRegistrationAndVerifyRequireCCOnSignUpBecomesAutomaticallyChecked(java.lang.String, java.lang.String)[pri:0, instance:com.auction.verifications.Index@4048ec32]" name="regularSignupWithRequireCreditCardOnSignUpWithRequireCreditCardActiveOnRegistrationAndVerifyRequireCCOnSignUpBecomesAutomaticallyChecked" duration-ms="0" started-at="2014-11-26T19:55:50Z" data-provider="regularsignup" finished-at="2014-11-26T19:55:50Z">
          <params>
            <param index="0">
              <value>
                <![CDATA[admin]]>
              </value>
            </param>
            <param index="1">
              <value>
                <![CDATA[123123]]>
              </value>
            </param>
          </params>
          <reporter-output>
            <line>
              <![CDATA[<br> <b>Please look to the screenshot - </b>]]>
            </line>
          </reporter-output>
        </test-method> <!-- regularSignupWithRequireCreditCardOnSignUpWithRequireCreditCardActiveOnRegistrationAndVerifyRequireCCOnSignUpBecomesAutomaticallyChecked -->
        <test-method status="PASS" signature="tearDown(org.testng.ITestResult)[pri:0, instance:com.auction.verifications.Index@4048ec32]" name="tearDown" is-config="true" duration-ms="0" started-at="2014-11-26T19:55:50Z" finished-at="2014-11-26T19:55:50Z">
          <params>
            <param index="0">
              <value>
                <![CDATA[[TestResult name=regularSignupWithRequireCreditCardOnSignUpWithRequireCreditCardActiveOnRegistrationAndVerifyRequireCCOnSignUpBecomesAutomaticallyChecked status=SKIP method=Index.regularSignupWithRequireCreditCardOnSignUpWithRequireCreditCardActiveOnRegistrationAndVerifyRequireCCOnSignUpBecomesAutomaticallyChecked(java.lang.String, java.lang.String)[pri:0, instance:com.auction.verifications.Index@4048ec32] output=<br> <b>Please look to the screenshot - </b>]]]>
              </value>
            </param>
          </params>
          <reporter-output>
          </reporter-output>
        </test-method> <!-- tearDown -->
      </class> <!-- com.auction.verifications.Index -->
    </test> <!-- Selenium  Regular SignUp With same settings as for test 1.1 (regular signup) with require credit card on signup active on registration And Verify Require CC on Signup Becomes automatically checked -->
    <test name="Selenium  Regular SignUp With same settings as for test 1.1 (regular signup) with require credit card on signup active on registration And Verify Include CC info and make CC info required becomes automatically checked under the simplified signup section" duration-ms="26" started-at="2014-11-26T14:25:50Z" finished-at="2014-11-26T14:25:50Z">
      <class name="com.auction.verifications.Index">
        <test-method status="PASS" signature="fetchSuiteConfiguration(org.testng.ITestContext)[pri:0, instance:com.auction.verifications.Index@7c8b3bd8]" name="fetchSuiteConfiguration" is-config="true" duration-ms="0" started-at="2014-11-26T19:55:50Z" finished-at="2014-11-26T19:55:50Z">
          <params>
            <param index="0">
              <value>
                <![CDATA[org.testng.TestRunner@69b12a53]]>
              </value>
            </param>
          </params>
          <reporter-output>
          </reporter-output>
        </test-method> <!-- fetchSuiteConfiguration -->
        <test-method status="FAIL" signature="setUp(java.lang.reflect.Method)[pri:0, instance:com.auction.verifications.Index@7c8b3bd8]" name="setUp" is-config="true" duration-ms="0" started-at="2014-11-26T19:55:50Z" finished-at="2014-11-26T19:55:50Z">
          <params>
            <param index="0">
              <value>
                <![CDATA[public void com.auction.verifications.Index.regularSignupWithRequireCreditCardOnSignUpWithIncludeCCinfomakeCCinforequiredBecomesAutomaticallyCheckedUnderTheSimplifiedSignupSection(java.lang.String,java.lang.String) throws java.lang.InterruptedException,java.awt.AWTException,java.text.ParseException]]>
              </value>
            </param>
          </params>
          <exception class="org.openqa.selenium.remote.UnreachableBrowserException">
            <message>
              <![CDATA[Could not start a new session. Possible causes are invalid address of the remote server or browser start-up failure.
Build info: version: '2.44.0', revision: '76d78cf', time: '2014-10-23 20:02:37'
System info: host: 'Rahul-2.local', ip: '192.168.0.9', os.name: 'Mac OS X', os.arch: 'x86_64', os.version: '10.10', java.version: '1.7.0_67'
Driver info: driver.version: RemoteWebDriver]]>
            </message>
            <full-stacktrace>
              <![CDATA[org.openqa.selenium.remote.UnreachableBrowserException: Could not start a new session. Possible causes are invalid address of the remote server or browser start-up failure.
Build info: version: '2.44.0', revision: '76d78cf', time: '2014-10-23 20:02:37'
System info: host: 'Rahul-2.local', ip: '192.168.0.9', os.name: 'Mac OS X', os.arch: 'x86_64', os.version: '10.10', java.version: '1.7.0_67'
Driver info: driver.version: RemoteWebDriver
	at org.openqa.selenium.remote.RemoteWebDriver.execute(RemoteWebDriver.java:593)
	at org.openqa.selenium.remote.RemoteWebDriver.startSession(RemoteWebDriver.java:240)
	at org.openqa.selenium.remote.RemoteWebDriver.<init>(RemoteWebDriver.java:126)
	at org.openqa.selenium.remote.RemoteWebDriver.<init>(RemoteWebDriver.java:153)
	at com.auction.init.SeleniumInit.setUp(SeleniumInit.java:176)
	at sun.reflect.GeneratedMethodAccessor3.invoke(Unknown Source)
	at sun.reflect.DelegatingMethodAccessorImpl.invoke(DelegatingMethodAccessorImpl.java:43)
	at java.lang.reflect.Method.invoke(Method.java:606)
	at org.testng.internal.MethodInvocationHelper.invokeMethod(MethodInvocationHelper.java:84)
	at org.testng.internal.Invoker.invokeConfigurationMethod(Invoker.java:564)
	at org.testng.internal.Invoker.invokeConfigurations(Invoker.java:213)
	at org.testng.internal.Invoker.invokeMethod(Invoker.java:653)
	at org.testng.internal.Invoker.invokeTestMethod(Invoker.java:901)
	at org.testng.internal.Invoker.invokeTestMethods(Invoker.java:1231)
	at org.testng.internal.TestMethodWorker.invokeTestMethods(TestMethodWorker.java:127)
	at org.testng.internal.TestMethodWorker.run(TestMethodWorker.java:111)
	at org.testng.TestRunner.privateRun(TestRunner.java:767)
	at org.testng.TestRunner.run(TestRunner.java:617)
	at org.testng.SuiteRunner.runTest(SuiteRunner.java:334)
	at org.testng.SuiteRunner.access$000(SuiteRunner.java:37)
	at org.testng.SuiteRunner$SuiteWorker.run(SuiteRunner.java:368)
	at org.testng.internal.thread.ThreadUtil$2.call(ThreadUtil.java:64)
	at java.util.concurrent.FutureTask.run(FutureTask.java:262)
	at java.util.concurrent.ThreadPoolExecutor.runWorker(ThreadPoolExecutor.java:1145)
	at java.util.concurrent.ThreadPoolExecutor$Worker.run(ThreadPoolExecutor.java:615)
	at java.lang.Thread.run(Thread.java:745)
Caused by: org.apache.http.conn.HttpHostConnectException: Connect to localhost:4444 [localhost/127.0.0.1, localhost/0:0:0:0:0:0:0:1, localhost/fe80:0:0:0:0:0:0:1%1] failed: Connection refused
	at org.apache.http.impl.conn.HttpClientConnectionOperator.connect(HttpClientConnectionOperator.java:140)
	at org.apache.http.impl.conn.PoolingHttpClientConnectionManager.connect(PoolingHttpClientConnectionManager.java:318)
	at org.apache.http.impl.execchain.MainClientExec.establishRoute(MainClientExec.java:363)
	at org.apache.http.impl.execchain.MainClientExec.execute(MainClientExec.java:219)
	at org.apache.http.impl.execchain.ProtocolExec.execute(ProtocolExec.java:195)
	at org.apache.http.impl.execchain.RetryExec.execute(RetryExec.java:86)
	at org.apache.http.impl.execchain.RedirectExec.execute(RedirectExec.java:108)
	at org.apache.http.impl.client.InternalHttpClient.doExecute(InternalHttpClient.java:184)
	at org.apache.http.impl.client.CloseableHttpClient.execute(CloseableHttpClient.java:72)
	at org.apache.http.impl.client.CloseableHttpClient.execute(CloseableHttpClient.java:57)
	at org.openqa.selenium.remote.HttpCommandExecutor.fallBackExecute(HttpCommandExecutor.java:215)
	at org.openqa.selenium.remote.HttpCommandExecutor.execute(HttpCommandExecutor.java:184)
	at org.openqa.selenium.remote.RemoteWebDriver.execute(RemoteWebDriver.java:572)
	... 25 more
Caused by: java.net.ConnectException: Connection refused
	at java.net.PlainSocketImpl.socketConnect(Native Method)
	at java.net.AbstractPlainSocketImpl.doConnect(AbstractPlainSocketImpl.java:339)
	at java.net.AbstractPlainSocketImpl.connectToAddress(AbstractPlainSocketImpl.java:200)
	at java.net.AbstractPlainSocketImpl.connect(AbstractPlainSocketImpl.java:182)
	at java.net.SocksSocketImpl.connect(SocksSocketImpl.java:392)
	at java.net.Socket.connect(Socket.java:579)
	at org.apache.http.conn.socket.PlainConnectionSocketFactory.connectSocket(PlainConnectionSocketFactory.java:72)
	at org.apache.http.impl.conn.HttpClientConnectionOperator.connect(HttpClientConnectionOperator.java:123)
	... 37 more
]]>
            </full-stacktrace>
          </exception> <!-- org.openqa.selenium.remote.UnreachableBrowserException -->
          <reporter-output>
          </reporter-output>
        </test-method> <!-- setUp -->
        <test-method status="PASS" signature="tearDown(org.testng.ITestResult)[pri:0, instance:com.auction.verifications.Index@7c8b3bd8]" name="tearDown" is-config="true" duration-ms="1" started-at="2014-11-26T19:55:50Z" finished-at="2014-11-26T19:55:50Z">
          <params>
            <param index="0">
              <value>
                <![CDATA[[TestResult name=regularSignupWithRequireCreditCardOnSignUpWithIncludeCCinfomakeCCinforequiredBecomesAutomaticallyCheckedUnderTheSimplifiedSignupSection status=SKIP method=Index.regularSignupWithRequireCreditCardOnSignUpWithIncludeCCinfomakeCCinforequiredBecomesAutomaticallyCheckedUnderTheSimplifiedSignupSection(java.lang.String, java.lang.String)[pri:0, instance:com.auction.verifications.Index@7c8b3bd8] output=<br> <b>Please look to the screenshot - </b>]]]>
              </value>
            </param>
          </params>
          <reporter-output>
          </reporter-output>
        </test-method> <!-- tearDown -->
        <test-method status="SKIP" signature="regularSignupWithRequireCreditCardOnSignUpWithIncludeCCinfomakeCCinforequiredBecomesAutomaticallyCheckedUnderTheSimplifiedSignupSection(java.lang.String, java.lang.String)[pri:0, instance:com.auction.verifications.Index@7c8b3bd8]" name="regularSignupWithRequireCreditCardOnSignUpWithIncludeCCinfomakeCCinforequiredBecomesAutomaticallyCheckedUnderTheSimplifiedSignupSection" duration-ms="0" started-at="2014-11-26T19:55:50Z" data-provider="regularsignup" finished-at="2014-11-26T19:55:50Z">
          <params>
            <param index="0">
              <value>
                <![CDATA[admin]]>
              </value>
            </param>
            <param index="1">
              <value>
                <![CDATA[123123]]>
              </value>
            </param>
          </params>
          <reporter-output>
            <line>
              <![CDATA[<br> <b>Please look to the screenshot - </b>]]>
            </line>
          </reporter-output>
        </test-method> <!-- regularSignupWithRequireCreditCardOnSignUpWithIncludeCCinfomakeCCinforequiredBecomesAutomaticallyCheckedUnderTheSimplifiedSignupSection -->
      </class> <!-- com.auction.verifications.Index -->
    </test> <!-- Selenium  Regular SignUp With same settings as for test 1.1 (regular signup) with require credit card on signup active on registration And Verify Include CC info and make CC info required becomes automatically checked under the simplified signup section -->
  </suite> <!-- Auction Software Automation  -->
  <suite name="Functional_Suites_For_AuctionSoftware" duration-ms="0" started-at="2014-11-26T14:25:52Z" finished-at="2014-11-26T14:25:52Z">
    <groups>
    </groups>
  </suite> <!-- Functional_Suites_For_AuctionSoftware -->
</testng-results>
