<?xml version="1.0" encoding="UTF-8"?>
<!-- Generated by org.testng.reporters.JUnitXMLReporter -->
<testsuite hostname="Rahul-2.local" name="Selenium - Regular SignUp With Basic info Mandatory CC info Not Mandatory ACH info Not Mandatory " tests="1" failures="0" timestamp="31 Oct 2014 07:00:39 GMT" time="113.227" errors="0">
  <testcase name="regularSignupWithBasicInfoMandatoryCCInfoNotMandatoryACHInfoNotMandatory" time="98.036" classname="com.auction.verifications.Index"/>
</testsuite> <!-- Selenium - Regular SignUp With Basic info Mandatory CC info Not Mandatory ACH info Not Mandatory  -->
