<?xml version="1.0" encoding="UTF-8"?>
<!-- Generated by org.testng.reporters.JUnitXMLReporter -->
<testsuite hostname="Rahul-2.local" name="Selenium - Regular SignUp With Basic info Not Mandatory Billing address info Not Mandatory ACH info Mandatory " tests="1" failures="0" timestamp="31 Oct 2014 06:43:45 GMT" time="170.846" errors="0">
  <testcase name="regularSignupWithBasicInfoNotMandatoryBillingAddressInfoNotMandatoryACHInfoNotMandatory" time="152.296" classname="com.auction.verifications.Index"/>
</testsuite> <!-- Selenium - Regular SignUp With Basic info Not Mandatory Billing address info Not Mandatory ACH info Mandatory  -->
