<?xml version="1.0" encoding="UTF-8"?>
<!-- Generated by org.testng.reporters.JUnitXMLReporter -->
<testsuite hostname="Rahul-2.local" name="Selenium - Regular SignUp With Basic info Not Mandatory CC info Mandatory ACH info Not Mandatory " tests="1" failures="0" timestamp="31 Oct 2014 07:02:30 GMT" time="110.83" errors="0">
  <testcase name="regularSignupWithBasicInfoNotMandatoryCCInfoMandatoryACHInfoNotMandatory" time="97.069" classname="com.auction.verifications.Index"/>
</testsuite> <!-- Selenium - Regular SignUp With Basic info Not Mandatory CC info Mandatory ACH info Not Mandatory  -->
