<?xml version="1.0" encoding="UTF-8"?>
<!-- Generated by org.testng.reporters.JUnitXMLReporter -->
<testsuite hostname="Rahul-2.local" name="Selenium - Regular SignUp With Billing Info Mandatory and ACH Info Mandatory" tests="1" failures="0" timestamp="31 Oct 2014 06:14:36 GMT" time="115.347" errors="0">
  <testcase name="regularSignupWithBillingInfoMandatoryAndACHInfoMandatory" time="98.007" classname="com.auction.verifications.Index"/>
</testsuite> <!-- Selenium - Regular SignUp With Billing Info Mandatory and ACH Info Mandatory -->
