<?xml version="1.0" encoding="UTF-8"?>
<!-- Generated by org.testng.reporters.JUnitXMLReporter -->
<testsuite hostname="Rahul-2.local" name="Selenium - Regular SignUp With CC Info Mandatory and ACH Info Not Mandatory" tests="1" failures="0" timestamp="31 Oct 2014 06:16:23 GMT" time="106.666" errors="0">
  <testcase name="regularSignupWithCCInfoMandatoryAndACHInfoNotMandatory" time="85.395" classname="com.auction.verifications.Index"/>
</testsuite> <!-- Selenium - Regular SignUp With CC Info Mandatory and ACH Info Not Mandatory -->
