<?xml version="1.0" encoding="UTF-8"?>
<!-- Generated by org.testng.reporters.JUnitXMLReporter -->
<testsuite hostname="Rahul-2.local" name="Selenium - Regular SignUp With Basic info Mandatory Billing address info Mandatory CC info Not Mandatory " tests="1" failures="0" timestamp="31 Oct 2014 06:28:49 GMT" time="124.969" errors="0">
  <testcase name="regularSignupWithBasicInfoMandatoryBillingAddressInforMandatoryCCInfoNotMandatory" time="108.755" classname="com.auction.verifications.Index"/>
</testsuite> <!-- Selenium - Regular SignUp With Basic info Mandatory Billing address info Mandatory CC info Not Mandatory  -->
