<?xml version="1.0" encoding="UTF-8"?>
<!-- Generated by org.testng.reporters.JUnitXMLReporter -->
<testsuite hostname="Rahul-2.local" name="Selenium - Regular SignUp With Basic Info Not Mandatory and ACH Info Mandatory" tests="1" failures="0" timestamp="31 Oct 2014 05:59:30 GMT" time="79.153" errors="0">
  <testcase name="regularSignupWithBasicInfoNotMandatoryAndACHInfoMandatory" time="61.586" classname="com.auction.verifications.Index"/>
</testsuite> <!-- Selenium - Regular SignUp With Basic Info Not Mandatory and ACH Info Mandatory -->
