<?xml version="1.0" encoding="UTF-8"?>
<!-- Generated by org.testng.reporters.JUnitXMLReporter -->
<testsuite hostname="Rahul-2.local" name="Selenium - Regular SignUp With Basic Info  Mandatory and Billing Address Info Mandatory" tests="1" failures="0" timestamp="31 Oct 2014 05:46:47 GMT" time="179.026" errors="0">
  <testcase name="regularSignupWithBasicInfoMandatoryAndBillingAddressInfoMandatory" time="158.216" classname="com.auction.verifications.Index"/>
</testsuite> <!-- Selenium - Regular SignUp With Basic Info  Mandatory and Billing Address Info Mandatory -->
