<?xml version="1.0" encoding="UTF-8"?>
<!-- Generated by org.testng.reporters.JUnitXMLReporter -->
<testsuite hostname="Rahul-2.local" name="Selenium - Regular SignUp With Basic info Mandatory Billing address info Not Mandatory CC info Mandatory " tests="1" failures="0" timestamp="31 Oct 2014 06:31:06 GMT" time="136.98" errors="0">
  <testcase name="regularSignupWithBasicInfoMandatoryBillingAddressInforNotMandatoryCCInfoMandatory" time="115.339" classname="com.auction.verifications.Index"/>
</testsuite> <!-- Selenium - Regular SignUp With Basic info Mandatory Billing address info Not Mandatory CC info Mandatory  -->
