<?xml version="1.0" encoding="UTF-8"?>
<!-- Generated by org.testng.reporters.JUnitXMLReporter -->
<testsuite hostname="Rahul-2.local" name="Selenium - Regular SignUp With Basic info Mandatory Billing address info Mandatory ACH info Mandatory " tests="1" failures="0" timestamp="31 Oct 2014 06:58:46 GMT" time="255.009" errors="0">
  <testcase name="regularSignupWithBasicInfoMandatoryBillingAddressInfoMandatoryACHInfoMandatory" time="220.644" classname="com.auction.verifications.Index"/>
</testsuite> <!-- Selenium - Regular SignUp With Basic info Mandatory Billing address info Mandatory ACH info Mandatory  -->
