<?xml version="1.0" encoding="UTF-8"?>
<!-- Generated by org.testng.reporters.JUnitXMLReporter -->
<testsuite hostname="Rahul-2.local" name="Selenium - Regular SignUp With Billing  Info Mandatory and CC Info Not Mandatory" tests="1" failures="0" timestamp="31 Oct 2014 06:04:20 GMT" time="162.14" errors="0">
  <testcase name="regularSignupWithBillingInfoMandatoryAndCCInfoNotMandatory" time="143.789" classname="com.auction.verifications.Index"/>
</testsuite> <!-- Selenium - Regular SignUp With Billing  Info Mandatory and CC Info Not Mandatory -->
