<?xml version="1.0" encoding="UTF-8"?>
<!-- Generated by org.testng.reporters.JUnitXMLReporter -->
<testsuite hostname="Rahul-2.local" name="Selenium - Regular SignUp With Billing Info Not Mandatory and ACH Info Mandatory" tests="1" failures="0" timestamp="31 Oct 2014 06:12:41 GMT" time="144.13" errors="0">
  <testcase name="regularSignupWithBillingInfoNotMandatoryAndACHInfoMandatory" time="114.954" classname="com.auction.verifications.Index"/>
</testsuite> <!-- Selenium - Regular SignUp With Billing Info Not Mandatory and ACH Info Mandatory -->
