<?xml version="1.0" encoding="UTF-8"?>
<!-- Generated by org.testng.reporters.JUnitXMLReporter -->
<testsuite hostname="Rahul-2.local" name="Selenium - Regular SignUp With Basic Info Not Mandatory and Billing Address Info Mandatory" tests="1" failures="0" timestamp="31 Oct 2014 05:43:48 GMT" time="158.36" errors="0">
  <testcase name="regularSignupWithBasicInfoNotMandatoryAndBillingAddressInfoMandatory" time="138.967" classname="com.auction.verifications.Index"/>
</testsuite> <!-- Selenium - Regular SignUp With Basic Info Not Mandatory and Billing Address Info Mandatory -->
