<?xml version="1.0" encoding="UTF-8"?>
<!-- Generated by org.testng.reporters.JUnitXMLReporter -->
<testsuite hostname="Rahul-2.local" name="Selenium - Regular SignUp With Basic info Mandatory Billing address info Not Mandatory CC info Not Mandatory " tests="1" failures="0" timestamp="31 Oct 2014 06:22:26 GMT" time="120.603" errors="0">
  <testcase name="regularSignupWithBasicInfoMandatoryBillingAddressInforNotMandatoryCCInfoNotMandatory" time="100.495" classname="com.auction.verifications.Index"/>
</testsuite> <!-- Selenium - Regular SignUp With Basic info Mandatory Billing address info Not Mandatory CC info Not Mandatory  -->
