<?xml version="1.0" encoding="UTF-8"?>
<!-- Generated by org.testng.reporters.JUnitXMLReporter -->
<testsuite hostname="Rahul-2.local" name="Selenium - Regular SignUp With Billing Info Mandatory and ACH Info Not Mandatory" tests="1" failures="0" timestamp="31 Oct 2014 06:10:16 GMT" time="117.917" errors="0">
  <testcase name="regularSignupWithBillingInfoMandatoryAndACHInfoNotMandatory" time="103.408" classname="com.auction.verifications.Index"/>
</testsuite> <!-- Selenium - Regular SignUp With Billing Info Mandatory and ACH Info Not Mandatory -->
