<?xml version="1.0" encoding="UTF-8"?>
<!-- Generated by org.testng.reporters.JUnitXMLReporter -->
<testsuite hostname="Rahul-2.local" name="Selenium - Regular SignUp With Basic Info Mandatory and ACH Info Mandatory" tests="1" failures="0" timestamp="31 Oct 2014 06:01:38 GMT" time="127.533" errors="0">
  <testcase name="regularSignupWithBasicInfoMandatoryAndACHInfoMandatory" time="111.808" classname="com.auction.verifications.Index"/>
</testsuite> <!-- Selenium - Regular SignUp With Basic Info Mandatory and ACH Info Mandatory -->
