<?xml version="1.0" encoding="UTF-8"?>
<!-- Generated by org.testng.reporters.JUnitXMLReporter -->
<testsuite hostname="Rahul-2.local" name="Selenium - Regular SignUp With Basic info Not Mandatory Billing address info Mandatory CC info Mandatory " tests="1" failures="0" timestamp="31 Oct 2014 06:33:54 GMT" time="168.099" errors="0">
  <testcase name="regularSignupWithBasicInfoNotMandatoryBillingAddressInforMandatoryCCInfoMandatory" time="144.94" classname="com.auction.verifications.Index"/>
</testsuite> <!-- Selenium - Regular SignUp With Basic info Not Mandatory Billing address info Mandatory CC info Mandatory  -->
