<?xml version="1.0" encoding="UTF-8"?>
<!-- Generated by org.testng.reporters.JUnitXMLReporter -->
<testsuite hostname="Rahul-2.local" name="Selenium - Regular SignUp With Basic Info  Not Mandatory and CC Info Mandatory" tests="1" failures="0" timestamp="31 Oct 2014 05:52:42 GMT" time="168.055" errors="0">
  <testcase name="regularSignupWithBasicInfoNotMandatoryAndCCInfoMandatory" time="144.374" classname="com.auction.verifications.Index"/>
</testsuite> <!-- Selenium - Regular SignUp With Basic Info  Not Mandatory and CC Info Mandatory -->
