<?xml version="1.0" encoding="UTF-8"?>
<!-- Generated by org.testng.reporters.JUnitXMLReporter -->
<testsuite hostname="Rahul-2.local" name="Selenium - Regular SignUp With Basic info Mandatory Billing address info Not Mandatory ACH info Not Mandatory " tests="1" failures="0" timestamp="31 Oct 2014 06:38:04 GMT" time="125.287" errors="0">
  <testcase name="regularSignupWithBasicInfoMandatoryBillingAddressInfoNotMandatoryACHInfoNotMandatory" time="105.882" classname="com.auction.verifications.Index"/>
</testsuite> <!-- Selenium - Regular SignUp With Basic info Mandatory Billing address info Not Mandatory ACH info Not Mandatory  -->
