<?xml version="1.0" encoding="UTF-8"?>
<!-- Generated by org.testng.reporters.JUnitXMLReporter -->
<testsuite hostname="Rahul-2.local" name="Selenium - Regular SignUp With Basic info Not Mandatory Billing address info Mandatory ACH info Mandatory " tests="1" failures="0" timestamp="31 Oct 2014 06:54:31 GMT" time="291.712" errors="0">
  <testcase name="regularSignupWithBasicInfoNotMandatoryBillingAddressInfoMandatoryACHInfoMandatory" time="273.743" classname="com.auction.verifications.Index"/>
</testsuite> <!-- Selenium - Regular SignUp With Basic info Not Mandatory Billing address info Mandatory ACH info Mandatory  -->
