<?xml version="1.0" encoding="UTF-8"?>
<!-- Generated by org.testng.reporters.JUnitXMLReporter -->
<testsuite hostname="Rahul-2.local" name="Selenium - Regular SignUp With Basic info Mandatory Billing address info Mandatory ACH info Not Mandatory " tests="1" failures="0" timestamp="31 Oct 2014 06:46:41 GMT" time="176.209" errors="0">
  <testcase name="regularSignupWithBasicInfoMandatoryBillingAddressInfoMandatoryACHInfoNotMandatory" time="153.89" classname="com.auction.verifications.Index"/>
</testsuite> <!-- Selenium - Regular SignUp With Basic info Mandatory Billing address info Mandatory ACH info Not Mandatory  -->
