<?xml version="1.0" encoding="UTF-8"?>
<!-- Generated by org.testng.reporters.JUnitXMLReporter -->
<testsuite hostname="Rahul-2.local" name="Selenium - Regular SignUp With Basic info Not Mandatory CC info Not Mandatory ACH info Mandatory " tests="1" failures="0" timestamp="31 Oct 2014 08:47:05 GMT" time="144.073" errors="0">
  <testcase name="regularSignupWithBasicInfoNotMandatoryCCInfoNotMandatoryACHInfoMandatory" time="118.216" classname="com.auction.verifications.Index"/>
</testsuite> <!-- Selenium - Regular SignUp With Basic info Not Mandatory CC info Not Mandatory ACH info Mandatory  -->
