<?xml version="1.0" encoding="UTF-8"?>
<!-- Generated by org.testng.reporters.JUnitXMLReporter -->
<testsuite hostname="Rahul-2.local" name="Selenium - Regular SignUp With CC Info Not Mandatory and ACH Info Mandatory" tests="1" failures="0" timestamp="31 Oct 2014 06:18:21 GMT" time="118.563" errors="0">
  <testcase name="regularSignupWithCCInfoNotMandatoryAndACHInfoMandatory" time="100.008" classname="com.auction.verifications.Index"/>
</testsuite> <!-- Selenium - Regular SignUp With CC Info Not Mandatory and ACH Info Mandatory -->
