<?xml version="1.0" encoding="UTF-8"?>
<!-- Generated by org.testng.reporters.JUnitXMLReporter -->
<testsuite hostname="Rahul-2.local" name="Selenium - Regular SignUp With Basic info  Mandatory CC info Mandatory ACH info Not Mandatory " tests="1" failures="0" timestamp="31 Oct 2014 08:50:08 GMT" time="182.87" errors="0">
  <testcase name="regularSignupWithBasicInfoMandatoryCCInfoMandatoryACHInfoNotMandatory" time="149.377" classname="com.auction.verifications.Index"/>
</testsuite> <!-- Selenium - Regular SignUp With Basic info  Mandatory CC info Mandatory ACH info Not Mandatory  -->
