<?xml version="1.0" encoding="UTF-8"?>
<!-- Generated by org.testng.reporters.JUnitXMLReporter -->
<testsuite hostname="Rahul-2.local" name="Selenium - Regular SignUp With Basic Info Mandatory and ACH Info Not Mandatory" tests="1" failures="0" timestamp="31 Oct 2014 05:58:11 GMT" time="164.576" errors="0">
  <testcase name="regularSignupWithBasicInfoMandatoryAndACHInfoNotMandatory" time="143.56" classname="com.auction.verifications.Index"/>
</testsuite> <!-- Selenium - Regular SignUp With Basic Info Mandatory and ACH Info Not Mandatory -->
