<?xml version="1.0" encoding="UTF-8"?>
<!-- Generated by org.testng.reporters.JUnitXMLReporter -->
<testsuite hostname="Rahul-2.local" name="Selenium - Regular SignUp With Billing Info Not Mandatory and CC Info Mandatory" tests="1" failures="0" timestamp="31 Oct 2014 06:06:18 GMT" time="118.1" errors="0">
  <testcase name="regularSignupWithBillingInfoNotMandatoryAndCCInfoMandatory" time="99.934" classname="com.auction.verifications.Index"/>
</testsuite> <!-- Selenium - Regular SignUp With Billing Info Not Mandatory and CC Info Mandatory -->
